Using pre-set license
Built from '2021.3/staging' branch; Version is '2021.3.8f1 (b30333d56e81) revision 11731763'; Using compiler version '192829333'; Build Type 'Release'
OS: 'Windows 11  (10.0.22000) 64bit Core' Language: 'en' Physical Memory: 16204 MB
BatchMode: 1, IsHumanControllingUs: 0, StartBugReporterOnCrash: 0, Is64bit: 1, IsPro: 1

COMMAND LINE ARGUMENTS:
C:\Program Files\Unity\Hub\Editor\2021.3.8f1\Editor\Unity.exe
-adb2
-batchMode
-noUpm
-name
AssetImportWorker3
-projectPath
C:/Users/77678/xrd/XRD/Assignmnent3
-logFile
Logs/AssetImportWorker3.log
-srvPort
50073
Successfully changed project path to: C:/Users/77678/xrd/XRD/Assignmnent3
C:/Users/77678/xrd/XRD/Assignmnent3
[UnityMemory] Configuration Parameters - Can be set up in boot.config
    "memorysetup-bucket-allocator-granularity=16"
    "memorysetup-bucket-allocator-bucket-count=8"
    "memorysetup-bucket-allocator-block-size=33554432"
    "memorysetup-bucket-allocator-block-count=8"
    "memorysetup-main-allocator-block-size=16777216"
    "memorysetup-thread-allocator-block-size=16777216"
    "memorysetup-gfx-main-allocator-block-size=16777216"
    "memorysetup-gfx-thread-allocator-block-size=16777216"
    "memorysetup-cache-allocator-block-size=4194304"
    "memorysetup-typetree-allocator-block-size=2097152"
    "memorysetup-profiler-bucket-allocator-granularity=16"
    "memorysetup-profiler-bucket-allocator-bucket-count=8"
    "memorysetup-profiler-bucket-allocator-block-size=33554432"
    "memorysetup-profiler-bucket-allocator-block-count=8"
    "memorysetup-profiler-allocator-block-size=16777216"
    "memorysetup-profiler-editor-allocator-block-size=1048576"
    "memorysetup-temp-allocator-size-main=16777216"
    "memorysetup-job-temp-allocator-block-size=2097152"
    "memorysetup-job-temp-allocator-block-size-background=1048576"
    "memorysetup-job-temp-allocator-reduction-small-platforms=262144"
    "memorysetup-temp-allocator-size-background-worker=32768"
    "memorysetup-temp-allocator-size-job-worker=262144"
    "memorysetup-temp-allocator-size-preload-manager=33554432"
    "memorysetup-temp-allocator-size-nav-mesh-worker=65536"
    "memorysetup-temp-allocator-size-audio-worker=65536"
    "memorysetup-temp-allocator-size-cloud-worker=32768"
    "memorysetup-temp-allocator-size-gi-baking-worker=262144"
    "memorysetup-temp-allocator-size-gfx=262144"
Refreshing native plugins compatible for Editor in 83.14 ms, found 3 plugins.
Preloading 0 native plugins for Editor in 0.00 ms.
Initialize engine version: 2021.3.8f1 (b30333d56e81)
[Subsystems] Discovering subsystems at path C:/Program Files/Unity/Hub/Editor/2021.3.8f1/Editor/Data/Resources/UnitySubsystems
[Subsystems] Discovering subsystems at path C:/Users/77678/xrd/XRD/Assignmnent3/Assets
GfxDevice: creating device client; threaded=0; jobified=0
Direct3D:
    Version:  Direct3D 11.0 [level 11.1]
    Renderer: NVIDIA GeForce RTX 2060 (ID=0x1f15)
    Vendor:   NVIDIA
    VRAM:     5980 MB
    Driver:   27.21.14.5751
Initialize mono
Mono path[0] = 'C:/Program Files/Unity/Hub/Editor/2021.3.8f1/Editor/Data/Managed'
Mono path[1] = 'C:/Program Files/Unity/Hub/Editor/2021.3.8f1/Editor/Data/MonoBleedingEdge/lib/mono/unityjit-win32'
Mono config path = 'C:/Program Files/Unity/Hub/Editor/2021.3.8f1/Editor/Data/MonoBleedingEdge/etc'
Using monoOptions --debugger-agent=transport=dt_socket,embedding=1,server=y,suspend=n,address=127.0.0.1:56116
Begin MonoManager ReloadAssembly
Registering precompiled unity dll's ...
Register platform support module: C:/Program Files/Unity/Hub/Editor/2021.3.8f1/Editor/Data/PlaybackEngines/WebGLSupport/UnityEditor.WebGL.Extensions.dll
Register platform support module: C:/Program Files/Unity/Hub/Editor/2021.3.8f1/Editor/Data/PlaybackEngines/AndroidPlayer/UnityEditor.Android.Extensions.dll
Register platform support module: C:/Program Files/Unity/Hub/Editor/2021.3.8f1/Editor/Data/PlaybackEngines/iOSSupport/UnityEditor.iOS.Extensions.dll
Register platform support module: C:/Program Files/Unity/Hub/Editor/2021.3.8f1/Editor/Data/PlaybackEngines/WindowsStandaloneSupport/UnityEditor.WindowsStandalone.Extensions.dll
Registered in 0.008645 seconds.
Native extension for WindowsStandalone target not found
[usbmuxd] Start listen thread
[usbmuxd] Listen thread started
Native extension for iOS target not found
Native extension for Android target not found
Native extension for WebGL target not found
Refreshing native plugins compatible for Editor in 80.79 ms, found 3 plugins.
Preloading 0 native plugins for Editor in 0.00 ms.
Mono: successfully reloaded assembly
- Completed reload, in  0.688 seconds
Domain Reload Profiling:
	ReloadAssembly (689ms)
		BeginReloadAssembly (83ms)
			ExecutionOrderSort (0ms)
			DisableScriptedObjects (0ms)
			BackupInstance (0ms)
			ReleaseScriptingObjects (0ms)
			CreateAndSetChildDomain (1ms)
		EndReloadAssembly (490ms)
			LoadAssemblies (83ms)
			RebuildTransferFunctionScriptingTraits (0ms)
			SetupTypeCache (113ms)
			ReleaseScriptCaches (0ms)
			RebuildScriptCaches (32ms)
			SetupLoadedEditorAssemblies (293ms)
				LogAssemblyErrors (0ms)
				InitializePlatformSupportModulesInManaged (66ms)
				SetLoadedEditorAssemblies (0ms)
				RefreshPlugins (81ms)
				BeforeProcessingInitializeOnLoad (1ms)
				ProcessInitializeOnLoadAttributes (99ms)
				ProcessInitializeOnLoadMethodAttributes (45ms)
				AfterProcessingInitializeOnLoad (0ms)
				EditorAssembliesLoaded (0ms)
			ExecutionOrderSort2 (0ms)
			AwakeInstancesAfterBackupRestoration (0ms)
Platform modules already initialized, skipping
Registering precompiled user dll's ...
Registered in 0.007075 seconds.
Begin MonoManager ReloadAssembly
Symbol file LoadedFromMemory doesn't match image C:\Users\77678\xrd\XRD\Assignmnent3\Library\PackageCache\com.unity.visualscripting@1.7.8\Editor\VisualScripting.Core\Dependencies\YamlDotNet\Unity.VisualScripting.YamlDotNet.dll
Symbol file LoadedFromMemory doesn't match image C:\Users\77678\xrd\XRD\Assignmnent3\Library\PackageCache\com.unity.visualscripting@1.7.8\Editor\VisualScripting.Core\Dependencies\DotNetZip\Unity.VisualScripting.IonicZip.dll
Native extension for WindowsStandalone target not found
Native extension for iOS target not found
Native extension for Android target not found
Native extension for WebGL target not found
Refreshing native plugins compatible for Editor in 0.50 ms, found 3 plugins.
Preloading 0 native plugins for Editor in 0.00 ms.
Mono: successfully reloaded assembly
- Completed reload, in  1.161 seconds
Domain Reload Profiling:
	ReloadAssembly (1162ms)
		BeginReloadAssembly (213ms)
			ExecutionOrderSort (0ms)
			DisableScriptedObjects (6ms)
			BackupInstance (0ms)
			ReleaseScriptingObjects (0ms)
			CreateAndSetChildDomain (119ms)
		EndReloadAssembly (833ms)
			LoadAssemblies (83ms)
			RebuildTransferFunctionScriptingTraits (0ms)
			SetupTypeCache (273ms)
			ReleaseScriptCaches (1ms)
			RebuildScriptCaches (55ms)
			SetupLoadedEditorAssemblies (378ms)
				LogAssemblyErrors (0ms)
				InitializePlatformSupportModulesInManaged (25ms)
				SetLoadedEditorAssemblies (0ms)
				RefreshPlugins (1ms)
				BeforeProcessingInitializeOnLoad (88ms)
				ProcessInitializeOnLoadAttributes (228ms)
				ProcessInitializeOnLoadMethodAttributes (28ms)
				AfterProcessingInitializeOnLoad (8ms)
				EditorAssembliesLoaded (0ms)
			ExecutionOrderSort2 (0ms)
			AwakeInstancesAfterBackupRestoration (6ms)
Platform modules already initialized, skipping
========================================================================
Worker process is ready to serve import requests
Launched and connected shader compiler UnityShaderCompiler.exe after 0.04 seconds
Refreshing native plugins compatible for Editor in 0.51 ms, found 3 plugins.
Preloading 0 native plugins for Editor in 0.00 ms.
Unloading 3385 Unused Serialized files (Serialized files now loaded: 0)
Unloading 27 unused Assets / (111.1 KB). Loaded Objects now: 3849.
Memory consumption went from 117.7 MB to 117.6 MB.
Total: 3.003300 ms (FindLiveObjects: 0.278200 ms CreateObjectMapping: 0.219200 ms MarkObjects: 2.387300 ms  DeleteObjects: 0.117600 ms)

AssetImportParameters requested are different than current active one (requested -> active):
  custom:video-decoder-ogg-theora: a1e56fd34408186e4bbccfd4996cb3dc -> 
  custom:container-muxer-webm: aa71ff27fc2769a1b78a27578f13a17b -> 
  custom:container-demuxer-webm: 4f35f7cbe854078d1ac9338744f61a02 -> 
  custom:video-encoder-webm-vp8: eb34c28f22e8b96e1ab97ce403110664 -> 
  custom:audio-encoder-webm-vorbis: bf7c407c2cedff20999df2af8eb42d56 -> 
  custom:framework-win-MediaFoundation: 216162199b28c13a410421893ffa2e32 -> 
  custom:container-demuxer-ogg: 62fdf1f143b41e24485cea50d1cbac27 -> 
  custom:video-decoder-webm-vp8: 9c59270c3fd7afecdb556c50c9e8de78 -> 
  custom:audio-decoder-ogg-vorbis: bf7c407c2cedff20999df2af8eb42d56 -> 
========================================================================
Received Import Request.
  Time since last request: 379476.631735 seconds.
  path: Assets/Asphalt_materials/Textures/Asphalt_texture4/Asphalt_texture_4.png
  artifactKey: Guid(5f095c17e74f64a769b78c035085c3af) Importer(815301076,1909f56bfc062723c751e8b465ee728b)
Start importing Assets/Asphalt_materials/Textures/Asphalt_texture4/Asphalt_texture_4.png using Guid(5f095c17e74f64a769b78c035085c3af) Importer(815301076,1909f56bfc062723c751e8b465ee728b)  -> (artifact id: 'e3e7a399f35334b83ca2fd700e825e9b') in 0.079242 seconds 
========================================================================
Received Import Request.
  Time since last request: 0.093926 seconds.
  path: Assets/Asphalt_materials/Textures/Asphalt_texture8/Asphalt_texture_8.png
  artifactKey: Guid(7aa5b4ddd4c8a484da725e8633495cef) Importer(815301076,1909f56bfc062723c751e8b465ee728b)
Start importing Assets/Asphalt_materials/Textures/Asphalt_texture8/Asphalt_texture_8.png using Guid(7aa5b4ddd4c8a484da725e8633495cef) Importer(815301076,1909f56bfc062723c751e8b465ee728b)  -> (artifact id: '4ada9b520e9025cfd8b74f410b341ca5') in 0.019049 seconds 
========================================================================
Received Import Request.
  Time since last request: 0.000027 seconds.
  path: Assets/Asphalt_materials/Textures/Asphalt_texture11/Asphalt_texture_11.png
  artifactKey: Guid(8c4601891d91e4ee8aec5354de6c10c4) Importer(815301076,1909f56bfc062723c751e8b465ee728b)
Start importing Assets/Asphalt_materials/Textures/Asphalt_texture11/Asphalt_texture_11.png using Guid(8c4601891d91e4ee8aec5354de6c10c4) Importer(815301076,1909f56bfc062723c751e8b465ee728b)  -> (artifact id: '2b1b667ff0f93978a245d978cff30acb') in 0.021920 seconds 
========================================================================
Received Import Request.
  Time since last request: 0.022580 seconds.
  path: Assets/Asphalt_materials/Textures/Asphalt_texture14/Asphalt_texture_14.png
  artifactKey: Guid(5c3221ba2a5204f61a050f40d01dfa3a) Importer(815301076,1909f56bfc062723c751e8b465ee728b)
Start importing Assets/Asphalt_materials/Textures/Asphalt_texture14/Asphalt_texture_14.png using Guid(5c3221ba2a5204f61a050f40d01dfa3a) Importer(815301076,1909f56bfc062723c751e8b465ee728b)  -> (artifact id: 'fc2d4eb28306e8b7c7be09b06e504fe3') in 0.017522 seconds 
========================================================================
Received Import Request.
  Time since last request: 0.384324 seconds.
  path: Assets/Asphalt_materials/Textures/Asphalt_texture3/DisplacementMap-3.png
  artifactKey: Guid(4a06040fd35c04105af0bc4338ee4eba) Importer(815301076,1909f56bfc062723c751e8b465ee728b)
Start importing Assets/Asphalt_materials/Textures/Asphalt_texture3/DisplacementMap-3.png using Guid(4a06040fd35c04105af0bc4338ee4eba) Importer(815301076,1909f56bfc062723c751e8b465ee728b)  -> (artifact id: '44a1fa69c0a8069ca7cfae2a2218ba94') in 0.017862 seconds 
========================================================================
Received Import Request.
  Time since last request: 0.079193 seconds.
  path: Assets/Asphalt_materials/Textures/Asphalt_texture6/DisplacementMap-6.png
  artifactKey: Guid(8cb8ce0d68bf940f39ec4e8ed9081c32) Importer(815301076,1909f56bfc062723c751e8b465ee728b)
Start importing Assets/Asphalt_materials/Textures/Asphalt_texture6/DisplacementMap-6.png using Guid(8cb8ce0d68bf940f39ec4e8ed9081c32) Importer(815301076,1909f56bfc062723c751e8b465ee728b)  -> (artifact id: '0346a441fbdca6b7ad8af4f0574ea523') in 0.019500 seconds 
========================================================================
Received Import Request.
  Time since last request: 0.000017 seconds.
  path: Assets/Asphalt_materials/Textures/Asphalt_texture7/DisplacementMap-7.png
  artifactKey: Guid(7c460c4b1e6c4487296a06347783ab07) Importer(815301076,1909f56bfc062723c751e8b465ee728b)
Start importing Assets/Asphalt_materials/Textures/Asphalt_texture7/DisplacementMap-7.png using Guid(7c460c4b1e6c4487296a06347783ab07) Importer(815301076,1909f56bfc062723c751e8b465ee728b)  -> (artifact id: '7b9a6ad2b1c707ebf3ebf149124c1289') in 0.026135 seconds 
========================================================================
Received Import Request.
  Time since last request: 19.681793 seconds.
  path: Assets/Asphalt_materials/Textures/Asphalt_texture12/DisplacementMap-12.png
  artifactKey: Guid(557628e60290443fdae4e08ec7f3f5ee) Importer(815301076,1909f56bfc062723c751e8b465ee728b)
Start importing Assets/Asphalt_materials/Textures/Asphalt_texture12/DisplacementMap-12.png using Guid(557628e60290443fdae4e08ec7f3f5ee) Importer(815301076,1909f56bfc062723c751e8b465ee728b)  -> (artifact id: '23502aa7f1482886f2371def2e913f42') in 0.019425 seconds 
========================================================================
Received Import Request.
  Time since last request: 0.000035 seconds.
  path: Assets/Asphalt_materials/Textures/Asphalt_texture14/DisplacementMap-14.png
  artifactKey: Guid(2773dc2e49f654d04afaf21a5bd52995) Importer(815301076,1909f56bfc062723c751e8b465ee728b)
Start importing Assets/Asphalt_materials/Textures/Asphalt_texture14/DisplacementMap-14.png using Guid(2773dc2e49f654d04afaf21a5bd52995) Importer(815301076,1909f56bfc062723c751e8b465ee728b)  -> (artifact id: '891e4e518646dcacbad493bce1a9bf85') in 0.027209 seconds 
========================================================================
Received Import Request.
  Time since last request: 0.390011 seconds.
  path: Assets/Asphalt_materials/Textures/Asphalt_texture4/NormalMap-4.png
  artifactKey: Guid(18207043afe1d4b219c88dafbcc8f300) Importer(815301076,1909f56bfc062723c751e8b465ee728b)
Start importing Assets/Asphalt_materials/Textures/Asphalt_texture4/NormalMap-4.png using Guid(18207043afe1d4b219c88dafbcc8f300) Importer(815301076,1909f56bfc062723c751e8b465ee728b)  -> (artifact id: '4a105975724c488aa0cb571518cd2c7b') in 0.049297 seconds 
========================================================================
Received Import Request.
  Time since last request: 0.000025 seconds.
  path: Assets/Asphalt_materials/Textures/Asphalt_texture9/NormalMap-9.png
  artifactKey: Guid(caf2523f7bf5a4fb3a5a8e60d36e7c86) Importer(815301076,1909f56bfc062723c751e8b465ee728b)
Start importing Assets/Asphalt_materials/Textures/Asphalt_texture9/NormalMap-9.png using Guid(caf2523f7bf5a4fb3a5a8e60d36e7c86) Importer(815301076,1909f56bfc062723c751e8b465ee728b)  -> (artifact id: 'cda074db2e4ba13fc3871bba0a9d49cb') in 0.020097 seconds 
========================================================================
Received Import Request.
  Time since last request: 0.000047 seconds.
  path: Assets/Asphalt_materials/Textures/Asphalt_texture11/NormalMap-11.png
  artifactKey: Guid(eb382db3000d347afa35aba4ba4abb63) Importer(815301076,1909f56bfc062723c751e8b465ee728b)
Start importing Assets/Asphalt_materials/Textures/Asphalt_texture11/NormalMap-11.png using Guid(eb382db3000d347afa35aba4ba4abb63) Importer(815301076,1909f56bfc062723c751e8b465ee728b)  -> (artifact id: '9e1c3c2ea38d38a5ed132d812a5c6814') in 0.017733 seconds 
========================================================================
Received Import Request.
  Time since last request: 0.000018 seconds.
  path: Assets/Asphalt_materials/Textures/Asphalt_texture6/NormalMap-6.png
  artifactKey: Guid(7c0e5087388174f5c87ffaf36b5b5d14) Importer(815301076,1909f56bfc062723c751e8b465ee728b)
Start importing Assets/Asphalt_materials/Textures/Asphalt_texture6/NormalMap-6.png using Guid(7c0e5087388174f5c87ffaf36b5b5d14) Importer(815301076,1909f56bfc062723c751e8b465ee728b)  -> (artifact id: '0e70f3b8289377127556f5f40076afdc') in 0.021301 seconds 
========================================================================
Received Import Request.
  Time since last request: 0.940678 seconds.
  path: Assets/Hand Painted Stone Texture/Texture/Stone_Height.png
  artifactKey: Guid(3c7a004c57c50734dbb1e28a97b82e5c) Importer(815301076,1909f56bfc062723c751e8b465ee728b)
Start importing Assets/Hand Painted Stone Texture/Texture/Stone_Height.png using Guid(3c7a004c57c50734dbb1e28a97b82e5c) Importer(815301076,1909f56bfc062723c751e8b465ee728b)  -> (artifact id: '4e3547b80cc8727742b57d9e8706b0db') in 0.024295 seconds 
========================================================================
Received Import Request.
  Time since last request: 0.530452 seconds.
  path: Assets/Free/Wooden Floor Pack/Textures/Wooden Floor2/Wooden Floor2_4K_Gloss.tga
  artifactKey: Guid(167cead128e3a7648a4cf839716af3bf) Importer(815301076,1909f56bfc062723c751e8b465ee728b)
Start importing Assets/Free/Wooden Floor Pack/Textures/Wooden Floor2/Wooden Floor2_4K_Gloss.tga using Guid(167cead128e3a7648a4cf839716af3bf) Importer(815301076,1909f56bfc062723c751e8b465ee728b)  -> (artifact id: '770ec9b7b3d9352cab5f4736f9981b5f') in 0.032950 seconds 
========================================================================
Received Import Request.
  Time since last request: 0.000037 seconds.
  path: Assets/Free/Wooden Floor Pack/Textures/Wooden Floor2/Wooden Floor2_4K_Roughness.tga
  artifactKey: Guid(3ae19a12eaa045b4eaaf1bb32fe82f2e) Importer(815301076,1909f56bfc062723c751e8b465ee728b)
Start importing Assets/Free/Wooden Floor Pack/Textures/Wooden Floor2/Wooden Floor2_4K_Roughness.tga using Guid(3ae19a12eaa045b4eaaf1bb32fe82f2e) Importer(815301076,1909f56bfc062723c751e8b465ee728b)  -> (artifact id: '89d8011a75861bca5cdc540a2a0bea81') in 0.021745 seconds 
========================================================================
Received Import Request.
  Time since last request: 0.000025 seconds.
  path: Assets/Free/Wooden Floor Pack/Textures/Wooden Floor3/Wooden Floor3_4K_Gloss.tga
  artifactKey: Guid(2d48024116e45de41a2b9278769a9750) Importer(815301076,1909f56bfc062723c751e8b465ee728b)
Start importing Assets/Free/Wooden Floor Pack/Textures/Wooden Floor3/Wooden Floor3_4K_Gloss.tga using Guid(2d48024116e45de41a2b9278769a9750) Importer(815301076,1909f56bfc062723c751e8b465ee728b)  -> (artifact id: '13e2c92887f938f33499021a670cc646') in 0.030926 seconds 
========================================================================
Received Import Request.
  Time since last request: 0.270615 seconds.
  path: Assets/Free/Wooden Floor Pack/Textures/Wooden Floor4/Wooden Floor4_4K_Displacement.tga
  artifactKey: Guid(9a478dfa131391244bd62cd135ac12be) Importer(815301076,1909f56bfc062723c751e8b465ee728b)
Start importing Assets/Free/Wooden Floor Pack/Textures/Wooden Floor4/Wooden Floor4_4K_Displacement.tga using Guid(9a478dfa131391244bd62cd135ac12be) Importer(815301076,1909f56bfc062723c751e8b465ee728b)  -> (artifact id: 'a202c9612d15e45ef66512bb15c0176a') in 0.016981 seconds 
========================================================================
Received Import Request.
  Time since last request: 0.000020 seconds.
  path: Assets/Free/Wooden Floor Pack/Textures/Wooden Floor4/Wooden Floor4_4K_Metalness.tga
  artifactKey: Guid(1dbfa30004b30934f9e03f8fb3d0176e) Importer(815301076,1909f56bfc062723c751e8b465ee728b)
Start importing Assets/Free/Wooden Floor Pack/Textures/Wooden Floor4/Wooden Floor4_4K_Metalness.tga using Guid(1dbfa30004b30934f9e03f8fb3d0176e) Importer(815301076,1909f56bfc062723c751e8b465ee728b)  -> (artifact id: 'aa1875fced0b42336e6809afdb0fbb71') in 0.019977 seconds 
========================================================================
Received Import Request.
  Time since last request: 0.020358 seconds.
  path: Assets/Free/Wooden Floor Pack/Textures/Wooden Floor/Wooden Floor_4K_Albedo.tga
  artifactKey: Guid(8e343a29d61854e4ea2e2d3a6d86f82c) Importer(815301076,1909f56bfc062723c751e8b465ee728b)
Start importing Assets/Free/Wooden Floor Pack/Textures/Wooden Floor/Wooden Floor_4K_Albedo.tga using Guid(8e343a29d61854e4ea2e2d3a6d86f82c) Importer(815301076,1909f56bfc062723c751e8b465ee728b)  -> (artifact id: '90a24960090115e878f0e26a2fb0d7cf') in 0.025898 seconds 
========================================================================
Received Import Request.
  Time since last request: 0.000026 seconds.
  path: Assets/Free/Wooden Floor Pack/Textures/Wooden Floor/Wooden Floor_4K_Displacement.tga
  artifactKey: Guid(d0340bf4adec4614190161165489af27) Importer(815301076,1909f56bfc062723c751e8b465ee728b)
Start importing Assets/Free/Wooden Floor Pack/Textures/Wooden Floor/Wooden Floor_4K_Displacement.tga using Guid(d0340bf4adec4614190161165489af27) Importer(815301076,1909f56bfc062723c751e8b465ee728b)  -> (artifact id: '1b1ba1ce53684ad25618bc679d300498') in 0.023232 seconds 
Editor requested this worker to shutdown with reason: Scaling down because of idle timeout
AssetImportWorker is now disconnected from the server
Process exiting
Exiting without the bug reporter. Application will terminate with return code 0