Using pre-set license
Built from '2021.3/staging' branch; Version is '2021.3.8f1 (b30333d56e81) revision 11731763'; Using compiler version '192829333'; Build Type 'Release'
OS: 'Windows 11  (10.0.22000) 64bit Core' Language: 'en' Physical Memory: 16204 MB
BatchMode: 1, IsHumanControllingUs: 0, StartBugReporterOnCrash: 0, Is64bit: 1, IsPro: 1

COMMAND LINE ARGUMENTS:
C:\Program Files\Unity\Hub\Editor\2021.3.8f1\Editor\Unity.exe
-adb2
-batchMode
-noUpm
-name
AssetImportWorker4
-projectPath
C:/Users/77678/xrd/XRD/Assignmnent3
-logFile
Logs/AssetImportWorker4.log
-srvPort
50073
Successfully changed project path to: C:/Users/77678/xrd/XRD/Assignmnent3
C:/Users/77678/xrd/XRD/Assignmnent3
[UnityMemory] Configuration Parameters - Can be set up in boot.config
    "memorysetup-bucket-allocator-granularity=16"
    "memorysetup-bucket-allocator-bucket-count=8"
    "memorysetup-bucket-allocator-block-size=33554432"
    "memorysetup-bucket-allocator-block-count=8"
    "memorysetup-main-allocator-block-size=16777216"
    "memorysetup-thread-allocator-block-size=16777216"
    "memorysetup-gfx-main-allocator-block-size=16777216"
    "memorysetup-gfx-thread-allocator-block-size=16777216"
    "memorysetup-cache-allocator-block-size=4194304"
    "memorysetup-typetree-allocator-block-size=2097152"
    "memorysetup-profiler-bucket-allocator-granularity=16"
    "memorysetup-profiler-bucket-allocator-bucket-count=8"
    "memorysetup-profiler-bucket-allocator-block-size=33554432"
    "memorysetup-profiler-bucket-allocator-block-count=8"
    "memorysetup-profiler-allocator-block-size=16777216"
    "memorysetup-profiler-editor-allocator-block-size=1048576"
    "memorysetup-temp-allocator-size-main=16777216"
    "memorysetup-job-temp-allocator-block-size=2097152"
    "memorysetup-job-temp-allocator-block-size-background=1048576"
    "memorysetup-job-temp-allocator-reduction-small-platforms=262144"
    "memorysetup-temp-allocator-size-background-worker=32768"
    "memorysetup-temp-allocator-size-job-worker=262144"
    "memorysetup-temp-allocator-size-preload-manager=33554432"
    "memorysetup-temp-allocator-size-nav-mesh-worker=65536"
    "memorysetup-temp-allocator-size-audio-worker=65536"
    "memorysetup-temp-allocator-size-cloud-worker=32768"
    "memorysetup-temp-allocator-size-gi-baking-worker=262144"
    "memorysetup-temp-allocator-size-gfx=262144"
Refreshing native plugins compatible for Editor in 82.11 ms, found 3 plugins.
Preloading 0 native plugins for Editor in 0.00 ms.
Initialize engine version: 2021.3.8f1 (b30333d56e81)
[Subsystems] Discovering subsystems at path C:/Program Files/Unity/Hub/Editor/2021.3.8f1/Editor/Data/Resources/UnitySubsystems
[Subsystems] Discovering subsystems at path C:/Users/77678/xrd/XRD/Assignmnent3/Assets
GfxDevice: creating device client; threaded=0; jobified=0
Direct3D:
    Version:  Direct3D 11.0 [level 11.1]
    Renderer: NVIDIA GeForce RTX 2060 (ID=0x1f15)
    Vendor:   NVIDIA
    VRAM:     5980 MB
    Driver:   27.21.14.5751
Initialize mono
Mono path[0] = 'C:/Program Files/Unity/Hub/Editor/2021.3.8f1/Editor/Data/Managed'
Mono path[1] = 'C:/Program Files/Unity/Hub/Editor/2021.3.8f1/Editor/Data/MonoBleedingEdge/lib/mono/unityjit-win32'
Mono config path = 'C:/Program Files/Unity/Hub/Editor/2021.3.8f1/Editor/Data/MonoBleedingEdge/etc'
Using monoOptions --debugger-agent=transport=dt_socket,embedding=1,server=y,suspend=n,address=127.0.0.1:56472
Begin MonoManager ReloadAssembly
Registering precompiled unity dll's ...
Register platform support module: C:/Program Files/Unity/Hub/Editor/2021.3.8f1/Editor/Data/PlaybackEngines/WebGLSupport/UnityEditor.WebGL.Extensions.dll
Register platform support module: C:/Program Files/Unity/Hub/Editor/2021.3.8f1/Editor/Data/PlaybackEngines/AndroidPlayer/UnityEditor.Android.Extensions.dll
Register platform support module: C:/Program Files/Unity/Hub/Editor/2021.3.8f1/Editor/Data/PlaybackEngines/iOSSupport/UnityEditor.iOS.Extensions.dll
Register platform support module: C:/Program Files/Unity/Hub/Editor/2021.3.8f1/Editor/Data/PlaybackEngines/WindowsStandaloneSupport/UnityEditor.WindowsStandalone.Extensions.dll
Registered in 0.324942 seconds.
Native extension for WindowsStandalone target not found
[usbmuxd] Start listen thread
[usbmuxd] Listen thread started
Native extension for iOS target not found
Native extension for Android target not found
Native extension for WebGL target not found
Refreshing native plugins compatible for Editor in 78.05 ms, found 3 plugins.
Preloading 0 native plugins for Editor in 0.00 ms.
Mono: successfully reloaded assembly
- Completed reload, in  4.597 seconds
Domain Reload Profiling:
	ReloadAssembly (4598ms)
		BeginReloadAssembly (3187ms)
			ExecutionOrderSort (0ms)
			DisableScriptedObjects (0ms)
			BackupInstance (0ms)
			ReleaseScriptingObjects (0ms)
			CreateAndSetChildDomain (1ms)
		EndReloadAssembly (977ms)
			LoadAssemblies (3196ms)
			RebuildTransferFunctionScriptingTraits (0ms)
			SetupTypeCache (528ms)
			ReleaseScriptCaches (0ms)
			RebuildScriptCaches (28ms)
			SetupLoadedEditorAssemblies (360ms)
				LogAssemblyErrors (0ms)
				InitializePlatformSupportModulesInManaged (137ms)
				SetLoadedEditorAssemblies (1ms)
				RefreshPlugins (78ms)
				BeforeProcessingInitializeOnLoad (2ms)
				ProcessInitializeOnLoadAttributes (92ms)
				ProcessInitializeOnLoadMethodAttributes (50ms)
				AfterProcessingInitializeOnLoad (0ms)
				EditorAssembliesLoaded (0ms)
			ExecutionOrderSort2 (0ms)
			AwakeInstancesAfterBackupRestoration (0ms)
Platform modules already initialized, skipping
Registering precompiled user dll's ...
Registered in 0.006914 seconds.
Android Extension - Scanning For ADB Devices 4498 ms
Begin MonoManager ReloadAssembly
Symbol file LoadedFromMemory doesn't match image C:\Users\77678\xrd\XRD\Assignmnent3\Library\PackageCache\com.unity.visualscripting@1.7.8\Editor\VisualScripting.Core\Dependencies\YamlDotNet\Unity.VisualScripting.YamlDotNet.dll
Symbol file LoadedFromMemory doesn't match image C:\Users\77678\xrd\XRD\Assignmnent3\Library\PackageCache\com.unity.visualscripting@1.7.8\Editor\VisualScripting.Core\Dependencies\DotNetZip\Unity.VisualScripting.IonicZip.dll
Native extension for WindowsStandalone target not found
Native extension for iOS target not found
Native extension for Android target not found
Native extension for WebGL target not found
Refreshing native plugins compatible for Editor in 0.59 ms, found 3 plugins.
Preloading 0 native plugins for Editor in 0.00 ms.
Mono: successfully reloaded assembly
- Completed reload, in  4.398 seconds
Domain Reload Profiling:
	ReloadAssembly (4399ms)
		BeginReloadAssembly (130ms)
			ExecutionOrderSort (0ms)
			DisableScriptedObjects (6ms)
			BackupInstance (0ms)
			ReleaseScriptingObjects (0ms)
			CreateAndSetChildDomain (20ms)
		EndReloadAssembly (4104ms)
			LoadAssemblies (2461ms)
			RebuildTransferFunctionScriptingTraits (0ms)
			SetupTypeCache (280ms)
			ReleaseScriptCaches (1ms)
			RebuildScriptCaches (57ms)
			SetupLoadedEditorAssemblies (1272ms)
				LogAssemblyErrors (0ms)
				InitializePlatformSupportModulesInManaged (30ms)
				SetLoadedEditorAssemblies (1ms)
				RefreshPlugins (1ms)
				BeforeProcessingInitializeOnLoad (86ms)
				ProcessInitializeOnLoadAttributes (233ms)
				ProcessInitializeOnLoadMethodAttributes (914ms)
				AfterProcessingInitializeOnLoad (8ms)
				EditorAssembliesLoaded (0ms)
			ExecutionOrderSort2 (0ms)
			AwakeInstancesAfterBackupRestoration (6ms)
Platform modules already initialized, skipping
========================================================================
Worker process is ready to serve import requests
Launched and connected shader compiler UnityShaderCompiler.exe after 0.04 seconds
Refreshing native plugins compatible for Editor in 0.51 ms, found 3 plugins.
Preloading 0 native plugins for Editor in 0.00 ms.
Unloading 3385 Unused Serialized files (Serialized files now loaded: 0)
Unloading 27 unused Assets / (111.3 KB). Loaded Objects now: 3864.
Memory consumption went from 130.3 MB to 130.2 MB.
Total: 3.053400 ms (FindLiveObjects: 0.278700 ms CreateObjectMapping: 0.227700 ms MarkObjects: 2.429600 ms  DeleteObjects: 0.116700 ms)

AssetImportParameters requested are different than current active one (requested -> active):
  custom:video-decoder-ogg-theora: a1e56fd34408186e4bbccfd4996cb3dc -> 
  custom:container-muxer-webm: aa71ff27fc2769a1b78a27578f13a17b -> 
  custom:container-demuxer-webm: 4f35f7cbe854078d1ac9338744f61a02 -> 
  custom:video-encoder-webm-vp8: eb34c28f22e8b96e1ab97ce403110664 -> 
  custom:audio-encoder-webm-vorbis: bf7c407c2cedff20999df2af8eb42d56 -> 
  custom:framework-win-MediaFoundation: 216162199b28c13a410421893ffa2e32 -> 
  custom:container-demuxer-ogg: 62fdf1f143b41e24485cea50d1cbac27 -> 
  custom:video-decoder-webm-vp8: 9c59270c3fd7afecdb556c50c9e8de78 -> 
  custom:audio-decoder-ogg-vorbis: bf7c407c2cedff20999df2af8eb42d56 -> 
========================================================================
Received Import Request.
  Time since last request: 397447.449957 seconds.
  path: Assets/Classic Picture Frame/Textures
  artifactKey: Guid(db40154f926cd2948b8b642e6e61386b) Importer(815301076,1909f56bfc062723c751e8b465ee728b)
Start importing Assets/Classic Picture Frame/Textures using Guid(db40154f926cd2948b8b642e6e61386b) Importer(815301076,1909f56bfc062723c751e8b465ee728b)  -> (artifact id: 'fd4343b96a97361583af721d3f5a2c62') in 0.014109 seconds 
========================================================================
Received Import Request.
  Time since last request: 125.203419 seconds.
  path: Assets/Classic Picture Frame/art.mat
  artifactKey: Guid(479e5ad90db0dcf45b06b665200721bf) Importer(815301076,1909f56bfc062723c751e8b465ee728b)
Start importing Assets/Classic Picture Frame/art.mat using Guid(479e5ad90db0dcf45b06b665200721bf) Importer(815301076,1909f56bfc062723c751e8b465ee728b)  -> (artifact id: '9d7be3e143f1b1dcaadfabfd0ef55c5f') in 0.381576 seconds 
========================================================================
Received Import Request.
  Time since last request: 190.548342 seconds.
  path: Assets/Classic Picture Frame/firstimg.jpg
  artifactKey: Guid(18495e6f401f34b478f8c4a2a8e3c0f4) Importer(815301076,1909f56bfc062723c751e8b465ee728b)
Start importing Assets/Classic Picture Frame/firstimg.jpg using Guid(18495e6f401f34b478f8c4a2a8e3c0f4) Importer(815301076,1909f56bfc062723c751e8b465ee728b)  -> (artifact id: 'cc7dfbc024abdfd8d6b1dc3c3110a80e') in 0.022856 seconds 
========================================================================
Received Import Request.
  Time since last request: 441.286926 seconds.
  path: Assets/Classic Picture Frame/secondimg.jpg
  artifactKey: Guid(057d0ea88e7959444ab25e98d6f2c4fc) Importer(815301076,1909f56bfc062723c751e8b465ee728b)
Start importing Assets/Classic Picture Frame/secondimg.jpg using Guid(057d0ea88e7959444ab25e98d6f2c4fc) Importer(815301076,1909f56bfc062723c751e8b465ee728b)  -> (artifact id: '9a2b9727791d2d448d249165f0be0982') in 0.016507 seconds 
========================================================================
Received Import Request.
  Time since last request: 3.105926 seconds.
  path: Assets/Classic Picture Frame/picture 1.mat
  artifactKey: Guid(e29acd3eae8e8d043b321f4072fa0528) Importer(815301076,1909f56bfc062723c751e8b465ee728b)
Start importing Assets/Classic Picture Frame/picture 1.mat using Guid(e29acd3eae8e8d043b321f4072fa0528) Importer(815301076,1909f56bfc062723c751e8b465ee728b)  -> (artifact id: '6b4bb322bb576c1dbb0ab5914e97357d') in 0.032918 seconds 
========================================================================
Received Import Request.
  Time since last request: 236.990259 seconds.
  path: Assets/Classic Picture Frame/thirdimg.jpg
  artifactKey: Guid(38dc804e39862f545bb5bc998b1ead7b) Importer(815301076,1909f56bfc062723c751e8b465ee728b)
Start importing Assets/Classic Picture Frame/thirdimg.jpg using Guid(38dc804e39862f545bb5bc998b1ead7b) Importer(815301076,1909f56bfc062723c751e8b465ee728b)  -> (artifact id: '52581f72c4b39e92f514a575f92d9af0') in 0.019655 seconds 
========================================================================
Received Import Request.
  Time since last request: 26.571421 seconds.
  path: Assets/Classic Picture Frame/fourthimg.png
  artifactKey: Guid(dd19b58419b3b3248838f223ac86cf7d) Importer(815301076,1909f56bfc062723c751e8b465ee728b)
Start importing Assets/Classic Picture Frame/fourthimg.png using Guid(dd19b58419b3b3248838f223ac86cf7d) Importer(815301076,1909f56bfc062723c751e8b465ee728b)  -> (artifact id: '9fe26e384dfa29042abef89aec7d2954') in 0.016042 seconds 
========================================================================
Received Prepare
Registering precompiled user dll's ...
Registered in 0.008389 seconds.
Begin MonoManager ReloadAssembly
Symbol file LoadedFromMemory doesn't match image C:\Users\77678\xrd\XRD\Assignmnent3\Library\PackageCache\com.unity.visualscripting@1.7.8\Editor\VisualScripting.Core\Dependencies\YamlDotNet\Unity.VisualScripting.YamlDotNet.dll
Symbol file LoadedFromMemory doesn't match image C:\Users\77678\xrd\XRD\Assignmnent3\Library\PackageCache\com.unity.visualscripting@1.7.8\Editor\VisualScripting.Core\Dependencies\DotNetZip\Unity.VisualScripting.IonicZip.dll
Native extension for WindowsStandalone target not found
Native extension for iOS target not found
Native extension for Android target not found
Native extension for WebGL target not found
Refreshing native plugins compatible for Editor in 0.58 ms, found 3 plugins.
Preloading 0 native plugins for Editor in 0.00 ms.
Mono: successfully reloaded assembly
- Completed reload, in  1.182 seconds
Domain Reload Profiling:
	ReloadAssembly (1183ms)
		BeginReloadAssembly (150ms)
			ExecutionOrderSort (0ms)
			DisableScriptedObjects (4ms)
			BackupInstance (0ms)
			ReleaseScriptingObjects (0ms)
			CreateAndSetChildDomain (38ms)
		EndReloadAssembly (894ms)
			LoadAssemblies (104ms)
			RebuildTransferFunctionScriptingTraits (0ms)
			SetupTypeCache (332ms)
			ReleaseScriptCaches (1ms)
			RebuildScriptCaches (57ms)
			SetupLoadedEditorAssemblies (351ms)
				LogAssemblyErrors (0ms)
				InitializePlatformSupportModulesInManaged (44ms)
				SetLoadedEditorAssemblies (0ms)
				RefreshPlugins (1ms)
				BeforeProcessingInitializeOnLoad (71ms)
				ProcessInitializeOnLoadAttributes (200ms)
				ProcessInitializeOnLoadMethodAttributes (27ms)
				AfterProcessingInitializeOnLoad (8ms)
				EditorAssembliesLoaded (0ms)
			ExecutionOrderSort2 (0ms)
			AwakeInstancesAfterBackupRestoration (6ms)
Platform modules already initialized, skipping
Refreshing native plugins compatible for Editor in 1.83 ms, found 3 plugins.
Preloading 0 native plugins for Editor in 0.00 ms.
Unloading 3382 Unused Serialized files (Serialized files now loaded: 0)
Unloading 20 unused Assets / (78.8 KB). Loaded Objects now: 3912.
Memory consumption went from 134.9 MB to 134.8 MB.
Total: 2.897100 ms (FindLiveObjects: 0.250500 ms CreateObjectMapping: 0.158200 ms MarkObjects: 2.397400 ms  DeleteObjects: 0.089700 ms)

AssetImportParameters requested are different than current active one (requested -> active):
  custom:video-decoder-ogg-theora: a1e56fd34408186e4bbccfd4996cb3dc -> 
  custom:container-muxer-webm: aa71ff27fc2769a1b78a27578f13a17b -> 
  custom:container-demuxer-webm: 4f35f7cbe854078d1ac9338744f61a02 -> 
  custom:video-encoder-webm-vp8: eb34c28f22e8b96e1ab97ce403110664 -> 
  custom:audio-encoder-webm-vorbis: bf7c407c2cedff20999df2af8eb42d56 -> 
  custom:framework-win-MediaFoundation: 216162199b28c13a410421893ffa2e32 -> 
  custom:container-demuxer-ogg: 62fdf1f143b41e24485cea50d1cbac27 -> 
  custom:video-decoder-webm-vp8: 9c59270c3fd7afecdb556c50c9e8de78 -> 
  custom:audio-decoder-ogg-vorbis: bf7c407c2cedff20999df2af8eb42d56 -> 
========================================================================
Received Import Request.
  Time since last request: 425.906510 seconds.
  path: Assets/Classic Picture Frame/fifthimg.jpg
  artifactKey: Guid(441cc444d9e1f7645b3032d5743269bf) Importer(815301076,1909f56bfc062723c751e8b465ee728b)
Start importing Assets/Classic Picture Frame/fifthimg.jpg using Guid(441cc444d9e1f7645b3032d5743269bf) Importer(815301076,1909f56bfc062723c751e8b465ee728b)  -> (artifact id: '3df283d52fa6a4dd5cfa6b4d603aa103') in 0.054501 seconds 
========================================================================
Received Import Request.
  Time since last request: 35.825227 seconds.
  path: Assets/Classic Picture Frame/sisxtimg.jpg
  artifactKey: Guid(0dcdd26b2040d46488698d7287117094) Importer(815301076,1909f56bfc062723c751e8b465ee728b)
Start importing Assets/Classic Picture Frame/sisxtimg.jpg using Guid(0dcdd26b2040d46488698d7287117094) Importer(815301076,1909f56bfc062723c751e8b465ee728b)  -> (artifact id: '8fb2561b6b9e7de576cadb1dff3a84c8') in 0.014677 seconds 
========================================================================
Received Import Request.
  Time since last request: 38.946959 seconds.
  path: Assets/Classic Picture Frame/sseventhimg.jpg
  artifactKey: Guid(83821315da35dbb41bd7039299c63df4) Importer(815301076,1909f56bfc062723c751e8b465ee728b)
Start importing Assets/Classic Picture Frame/sseventhimg.jpg using Guid(83821315da35dbb41bd7039299c63df4) Importer(815301076,1909f56bfc062723c751e8b465ee728b)  -> (artifact id: '4213196c50798a650a9f806634a83ce3') in 0.017470 seconds 
========================================================================
Received Import Request.
  Time since last request: 47.730967 seconds.
  path: Assets/Classic Picture Frame/eightimg.jpg
  artifactKey: Guid(75904b87108433f4eae7faf693a5618c) Importer(815301076,1909f56bfc062723c751e8b465ee728b)
Start importing Assets/Classic Picture Frame/eightimg.jpg using Guid(75904b87108433f4eae7faf693a5618c) Importer(815301076,1909f56bfc062723c751e8b465ee728b)  -> (artifact id: '8b50676c4e35f64b3d99bd378a8acf3b') in 0.020293 seconds 
========================================================================
Received Import Request.
  Time since last request: 85.332703 seconds.
  path: Assets/Classic Picture Frame/ninethimg.jpeg
  artifactKey: Guid(96593b3f03bd5834f976c23a8ede2a7d) Importer(815301076,1909f56bfc062723c751e8b465ee728b)
Start importing Assets/Classic Picture Frame/ninethimg.jpeg using Guid(96593b3f03bd5834f976c23a8ede2a7d) Importer(815301076,1909f56bfc062723c751e8b465ee728b)  -> (artifact id: 'e14508ca599ca665ee035be88c88c478') in 0.020342 seconds 
========================================================================
Received Import Request.
  Time since last request: 59.495472 seconds.
  path: Assets/Classic Picture Frame/tenimg.jpg
  artifactKey: Guid(9c7b19584f18736449142064cd391638) Importer(815301076,1909f56bfc062723c751e8b465ee728b)
Start importing Assets/Classic Picture Frame/tenimg.jpg using Guid(9c7b19584f18736449142064cd391638) Importer(815301076,1909f56bfc062723c751e8b465ee728b)  -> (artifact id: 'ef195bcdfe3180b1c932dcefb99187d2') in 0.016751 seconds 
========================================================================
Received Import Request.
  Time since last request: 43.028515 seconds.
  path: Assets/Classic Picture Frame/eleventhimg.jpg
  artifactKey: Guid(fea5afd86e07d46408e72b892ebe17ce) Importer(815301076,1909f56bfc062723c751e8b465ee728b)
Start importing Assets/Classic Picture Frame/eleventhimg.jpg using Guid(fea5afd86e07d46408e72b892ebe17ce) Importer(815301076,1909f56bfc062723c751e8b465ee728b)  -> (artifact id: '890d3e79e7cede00cb5e8b36e3d97c20') in 0.019365 seconds 
========================================================================
Received Import Request.
  Time since last request: 255.364254 seconds.
  path: Assets/Classic Picture Frame/13thimg.jpg
  artifactKey: Guid(cbf1ab4a6c49d64488c5212f0f3b5ca3) Importer(815301076,1909f56bfc062723c751e8b465ee728b)
Start importing Assets/Classic Picture Frame/13thimg.jpg using Guid(cbf1ab4a6c49d64488c5212f0f3b5ca3) Importer(815301076,1909f56bfc062723c751e8b465ee728b)  -> (artifact id: 'a015e27db998aaafece69ba2b0b56df6') in 0.017167 seconds 
========================================================================
Received Import Request.
  Time since last request: 54.058799 seconds.
  path: Assets/Classic Picture Frame/picture 2.mat
  artifactKey: Guid(015f59ca3b674614e805f895e0478423) Importer(815301076,1909f56bfc062723c751e8b465ee728b)
Start importing Assets/Classic Picture Frame/picture 2.mat using Guid(015f59ca3b674614e805f895e0478423) Importer(815301076,1909f56bfc062723c751e8b465ee728b)  -> (artifact id: '5749ab0dcb36660a5364107e9dd2a5d2') in 0.267261 seconds 
========================================================================
Received Import Request.
  Time since last request: 86.714638 seconds.
  path: Assets/Classic Picture Frame/picture 2.mat
  artifactKey: Guid(015f59ca3b674614e805f895e0478423) Importer(815301076,1909f56bfc062723c751e8b465ee728b)
Start importing Assets/Classic Picture Frame/picture 2.mat using Guid(015f59ca3b674614e805f895e0478423) Importer(815301076,1909f56bfc062723c751e8b465ee728b)  -> (artifact id: '1208c91c622cf21bfa30d16f044d7cb9') in 0.026019 seconds 
========================================================================
Received Import Request.
  Time since last request: 75.474668 seconds.
  path: Assets/Classic Picture Frame/picture 3.mat
  artifactKey: Guid(f7a5a9c268d2bb7419c13f41e1192b6d) Importer(815301076,1909f56bfc062723c751e8b465ee728b)
Start importing Assets/Classic Picture Frame/picture 3.mat using Guid(f7a5a9c268d2bb7419c13f41e1192b6d) Importer(815301076,1909f56bfc062723c751e8b465ee728b)  -> (artifact id: 'f265c2d1b99b6d9b20cb4f59b5d4e877') in 0.022890 seconds 
========================================================================
Received Import Request.
  Time since last request: 126.596390 seconds.
  path: Assets/Horse Statue/Materials/Console.mat
  artifactKey: Guid(08e69c71b8cbacf43a85bec544b8e232) Importer(815301076,1909f56bfc062723c751e8b465ee728b)
Start importing Assets/Horse Statue/Materials/Console.mat using Guid(08e69c71b8cbacf43a85bec544b8e232) Importer(815301076,1909f56bfc062723c751e8b465ee728b)  -> (artifact id: 'c9a693753e735c75dfdb52ddc079013d') in 0.175580 seconds 
========================================================================
Received Import Request.
  Time since last request: 0.000022 seconds.
  path: Assets/HandTorch/OldHandTorch/Material/OldHandTorch.mat
  artifactKey: Guid(50827137e3152a743abc4f1172eb024d) Importer(815301076,1909f56bfc062723c751e8b465ee728b)
Start importing Assets/HandTorch/OldHandTorch/Material/OldHandTorch.mat using Guid(50827137e3152a743abc4f1172eb024d) Importer(815301076,1909f56bfc062723c751e8b465ee728b)  -> (artifact id: '9eb5139d3d45b422a090c8412f4ed45c') in 0.290344 seconds 
========================================================================
Received Import Request.
  Time since last request: 0.000043 seconds.
  path: Assets/Horse Statue/Materials/Stone.mat
  artifactKey: Guid(4f3add349a207e6409fa6e6e6d0d9db6) Importer(815301076,1909f56bfc062723c751e8b465ee728b)
Start importing Assets/Horse Statue/Materials/Stone.mat using Guid(4f3add349a207e6409fa6e6e6d0d9db6) Importer(815301076,1909f56bfc062723c751e8b465ee728b)  -> (artifact id: '9f2373d7b7fe880e7f27179b911bd8df') in 0.022194 seconds 
Editor requested this worker to shutdown with reason: Scaling down because of idle timeout
AssetImportWorker is now disconnected from the server
Process exiting
Exiting without the bug reporter. Application will terminate with return code 0