Using pre-set license
Built from '2021.3/staging' branch; Version is '2021.3.9f1 (ad3870b89536) revision 11352176'; Using compiler version '192829333'; Build Type 'Release'
OS: 'Windows 10  (10.0.19044) 64bit Core' Language: 'en' Physical Memory: 16341 MB
BatchMode: 1, IsHumanControllingUs: 0, StartBugReporterOnCrash: 0, Is64bit: 1, IsPro: 1

COMMAND LINE ARGUMENTS:
C:\Program Files\Unity\Hub\Editor\2021.3.9f1\Editor\Unity.exe
-adb2
-batchMode
-noUpm
-name
AssetImportWorker0
-projectPath
C:/GitHubProjects/XRD/Second-Assignmnent-AR
-logFile
Logs/AssetImportWorker0.log
-srvPort
64573
Successfully changed project path to: C:/GitHubProjects/XRD/Second-Assignmnent-AR
C:/GitHubProjects/XRD/Second-Assignmnent-AR
[UnityMemory] Configuration Parameters - Can be set up in boot.config
    "memorysetup-bucket-allocator-granularity=16"
    "memorysetup-bucket-allocator-bucket-count=8"
    "memorysetup-bucket-allocator-block-size=33554432"
    "memorysetup-bucket-allocator-block-count=8"
    "memorysetup-main-allocator-block-size=16777216"
    "memorysetup-thread-allocator-block-size=16777216"
    "memorysetup-gfx-main-allocator-block-size=16777216"
    "memorysetup-gfx-thread-allocator-block-size=16777216"
    "memorysetup-cache-allocator-block-size=4194304"
    "memorysetup-typetree-allocator-block-size=2097152"
    "memorysetup-profiler-bucket-allocator-granularity=16"
    "memorysetup-profiler-bucket-allocator-bucket-count=8"
    "memorysetup-profiler-bucket-allocator-block-size=33554432"
    "memorysetup-profiler-bucket-allocator-block-count=8"
    "memorysetup-profiler-allocator-block-size=16777216"
    "memorysetup-profiler-editor-allocator-block-size=1048576"
    "memorysetup-temp-allocator-size-main=16777216"
    "memorysetup-job-temp-allocator-block-size=2097152"
    "memorysetup-job-temp-allocator-block-size-background=1048576"
    "memorysetup-job-temp-allocator-reduction-small-platforms=262144"
    "memorysetup-temp-allocator-size-background-worker=32768"
    "memorysetup-temp-allocator-size-job-worker=262144"
    "memorysetup-temp-allocator-size-preload-manager=33554432"
    "memorysetup-temp-allocator-size-nav-mesh-worker=65536"
    "memorysetup-temp-allocator-size-audio-worker=65536"
    "memorysetup-temp-allocator-size-cloud-worker=32768"
    "memorysetup-temp-allocator-size-gi-baking-worker=262144"
    "memorysetup-temp-allocator-size-gfx=262144"
Refreshing native plugins compatible for Editor in 134.47 ms, found 9 plugins.
Preloading 0 native plugins for Editor in 0.00 ms.
Initialize engine version: 2021.3.9f1 (ad3870b89536)
[Subsystems] Discovering subsystems at path C:/Program Files/Unity/Hub/Editor/2021.3.9f1/Editor/Data/Resources/UnitySubsystems
[Subsystems] Discovering subsystems at path C:/GitHubProjects/XRD/Second-Assignmnent-AR/Assets
GfxDevice: creating device client; threaded=0; jobified=0
Direct3D:
    Version:  Direct3D 11.0 [level 11.1]
    Renderer: NVIDIA GeForce RTX 3060 Ti (ID=0x2486)
    Vendor:   NVIDIA
    VRAM:     8050 MB
    Driver:   31.0.15.1694
Initialize mono
Mono path[0] = 'C:/Program Files/Unity/Hub/Editor/2021.3.9f1/Editor/Data/Managed'
Mono path[1] = 'C:/Program Files/Unity/Hub/Editor/2021.3.9f1/Editor/Data/MonoBleedingEdge/lib/mono/unityjit-win32'
Mono config path = 'C:/Program Files/Unity/Hub/Editor/2021.3.9f1/Editor/Data/MonoBleedingEdge/etc'
Using monoOptions --debugger-agent=transport=dt_socket,embedding=1,server=y,suspend=n,address=127.0.0.1:56712
Begin MonoManager ReloadAssembly
Registering precompiled unity dll's ...
Register platform support module: C:/Program Files/Unity/Hub/Editor/2021.3.9f1/Editor/Data/PlaybackEngines/WebGLSupport/UnityEditor.WebGL.Extensions.dll
Register platform support module: C:/Program Files/Unity/Hub/Editor/2021.3.9f1/Editor/Data/PlaybackEngines/AndroidPlayer/UnityEditor.Android.Extensions.dll
Register platform support module: C:/Program Files/Unity/Hub/Editor/2021.3.9f1/Editor/Data/PlaybackEngines/WindowsStandaloneSupport/UnityEditor.WindowsStandalone.Extensions.dll
Register platform support module: C:/Program Files/Unity/Hub/Editor/2021.3.9f1/Editor/Data/PlaybackEngines/MetroSupport/UnityEditor.UWP.Extensions.dll
Registered in 0.026807 seconds.
Native extension for UWP target not found
Native extension for WindowsStandalone target not found
Native extension for Android target not found
Native extension for WebGL target not found
Refreshing native plugins compatible for Editor in 106.95 ms, found 9 plugins.
Preloading 0 native plugins for Editor in 0.00 ms.
Mono: successfully reloaded assembly
- Completed reload, in  0.918 seconds
Domain Reload Profiling:
	ReloadAssembly (919ms)
		BeginReloadAssembly (140ms)
			ExecutionOrderSort (0ms)
			DisableScriptedObjects (0ms)
			BackupInstance (0ms)
			ReleaseScriptingObjects (0ms)
			CreateAndSetChildDomain (1ms)
		EndReloadAssembly (625ms)
			LoadAssemblies (136ms)
			RebuildTransferFunctionScriptingTraits (0ms)
			SetupTypeCache (155ms)
			ReleaseScriptCaches (0ms)
			RebuildScriptCaches (37ms)
			SetupLoadedEditorAssemblies (358ms)
				LogAssemblyErrors (0ms)
				InitializePlatformSupportModulesInManaged (72ms)
				SetLoadedEditorAssemblies (0ms)
				RefreshPlugins (107ms)
				BeforeProcessingInitializeOnLoad (2ms)
				ProcessInitializeOnLoadAttributes (123ms)
				ProcessInitializeOnLoadMethodAttributes (53ms)
				AfterProcessingInitializeOnLoad (0ms)
				EditorAssembliesLoaded (0ms)
			ExecutionOrderSort2 (0ms)
			AwakeInstancesAfterBackupRestoration (0ms)
Platform modules already initialized, skipping
Registering precompiled user dll's ...
Registered in 0.022621 seconds.
Begin MonoManager ReloadAssembly
Symbol file LoadedFromMemory doesn't match image C:\GitHubProjects\XRD\Second-Assignmnent-AR\Library\PackageCache\com.unity.visualscripting@1.7.8\Editor\VisualScripting.Core\Dependencies\DotNetZip\Unity.VisualScripting.IonicZip.dll
Symbol file LoadedFromMemory doesn't match image C:\GitHubProjects\XRD\Second-Assignmnent-AR\Library\PackageCache\com.unity.visualscripting@1.7.8\Editor\VisualScripting.Core\Dependencies\YamlDotNet\Unity.VisualScripting.YamlDotNet.dll
Native extension for UWP target not found
Native extension for WindowsStandalone target not found
Native extension for Android target not found
Native extension for WebGL target not found
Refreshing native plugins compatible for Editor in 107.58 ms, found 9 plugins.
Preloading 0 native plugins for Editor in 0.00 ms.
Package Manager log level set to [2]
Mono: successfully reloaded assembly
- Completed reload, in  1.783 seconds
Domain Reload Profiling:
	ReloadAssembly (1784ms)
		BeginReloadAssembly (264ms)
			ExecutionOrderSort (0ms)
			DisableScriptedObjects (9ms)
			BackupInstance (0ms)
			ReleaseScriptingObjects (0ms)
			CreateAndSetChildDomain (120ms)
		EndReloadAssembly (1377ms)
			LoadAssemblies (135ms)
			RebuildTransferFunctionScriptingTraits (0ms)
			SetupTypeCache (365ms)
			ReleaseScriptCaches (1ms)
			RebuildScriptCaches (74ms)
			SetupLoadedEditorAssemblies (746ms)
				LogAssemblyErrors (0ms)
				InitializePlatformSupportModulesInManaged (26ms)
				SetLoadedEditorAssemblies (0ms)
				RefreshPlugins (108ms)
				BeforeProcessingInitializeOnLoad (182ms)
				ProcessInitializeOnLoadAttributes (373ms)
				ProcessInitializeOnLoadMethodAttributes (39ms)
				AfterProcessingInitializeOnLoad (18ms)
				EditorAssembliesLoaded (0ms)
			ExecutionOrderSort2 (0ms)
			AwakeInstancesAfterBackupRestoration (8ms)
Platform modules already initialized, skipping
========================================================================
Worker process is ready to serve import requests
Launched and connected shader compiler UnityShaderCompiler.exe after 0.10 seconds
Refreshing native plugins compatible for Editor in 1.38 ms, found 9 plugins.
Preloading 0 native plugins for Editor in 0.00 ms.
Unloading 4653 Unused Serialized files (Serialized files now loaded: 0)
Unloading 50 unused Assets / (58.7 KB). Loaded Objects now: 5095.
Memory consumption went from 160.8 MB to 160.7 MB.
Total: 4.829000 ms (FindLiveObjects: 0.480000 ms CreateObjectMapping: 0.403500 ms MarkObjects: 3.819800 ms  DeleteObjects: 0.124100 ms)

AssetImportParameters requested are different than current active one (requested -> active):
  custom:video-decoder-ogg-theora: a1e56fd34408186e4bbccfd4996cb3dc -> 
  custom:container-muxer-webm: aa71ff27fc2769a1b78a27578f13a17b -> 
  custom:container-demuxer-webm: 4f35f7cbe854078d1ac9338744f61a02 -> 
  custom:video-encoder-webm-vp8: eb34c28f22e8b96e1ab97ce403110664 -> 
  custom:audio-encoder-webm-vorbis: bf7c407c2cedff20999df2af8eb42d56 -> 
  custom:framework-win-MediaFoundation: 216162199b28c13a410421893ffa2e32 -> 
  custom:container-demuxer-ogg: 62fdf1f143b41e24485cea50d1cbac27 -> 
  custom:video-decoder-webm-vp8: 9c59270c3fd7afecdb556c50c9e8de78 -> 
  custom:audio-decoder-ogg-vorbis: bf7c407c2cedff20999df2af8eb42d56 -> 
========================================================================
Received Import Request.
  Time since last request: 382.703925 seconds.
  path: Assets/Scenes/BlankAR.unity
  artifactKey: Guid(6bdce89659816455b9f906fc62d19910) Importer(815301076,1909f56bfc062723c751e8b465ee728b)
Start importing Assets/Scenes/BlankAR.unity using Guid(6bdce89659816455b9f906fc62d19910) Importer(815301076,1909f56bfc062723c751e8b465ee728b)  -> (artifact id: 'fa8ff7da7432c2b87489dcf73d92f0a8') in 0.013175 seconds 
========================================================================
Received Import Request.
  Time since last request: 3.577987 seconds.
  path: Assets/planet/earth.jpg
  artifactKey: Guid(752d4a7ac7df06b44af5e4842258f0ea) Importer(815301076,1909f56bfc062723c751e8b465ee728b)
Start importing Assets/planet/earth.jpg using Guid(752d4a7ac7df06b44af5e4842258f0ea) Importer(815301076,1909f56bfc062723c751e8b465ee728b)  -> (artifact id: '6a5fb2205c0ec9c61850d25c1aff48a7') in 0.156626 seconds 
========================================================================
Received Import Request.
  Time since last request: 0.000030 seconds.
  path: Assets/planet/sun.mat
  artifactKey: Guid(34972828ff51d9748ba220cd0b1afad5) Importer(815301076,1909f56bfc062723c751e8b465ee728b)
Start importing Assets/planet/sun.mat using Guid(34972828ff51d9748ba220cd0b1afad5) Importer(815301076,1909f56bfc062723c751e8b465ee728b)  -> (artifact id: 'aeb94b5c137093e2c3f7c1e2ccc1e123') in 0.237430 seconds 
========================================================================
Received Import Request.
  Time since last request: 0.000033 seconds.
  path: Assets/planet/saturn.mat
  artifactKey: Guid(481b54c885dd0b743a2af0749a61501c) Importer(815301076,1909f56bfc062723c751e8b465ee728b)
Start importing Assets/planet/saturn.mat using Guid(481b54c885dd0b743a2af0749a61501c) Importer(815301076,1909f56bfc062723c751e8b465ee728b)  -> (artifact id: '9457bae4b1da2494dbb9704d886fb867') in 0.020458 seconds 
========================================================================
Received Import Request.
  Time since last request: 0.000021 seconds.
  path: Assets/planet/saturn.jpg
  artifactKey: Guid(abbb2dd593065374e98f0eaf30a80596) Importer(815301076,1909f56bfc062723c751e8b465ee728b)
Start importing Assets/planet/saturn.jpg using Guid(abbb2dd593065374e98f0eaf30a80596) Importer(815301076,1909f56bfc062723c751e8b465ee728b)  -> (artifact id: '53568674235ec624a54df0fcb6b9725c') in 0.016459 seconds 
========================================================================
Received Import Request.
  Time since last request: 0.000026 seconds.
  path: Assets/planet/mars.jpg
  artifactKey: Guid(9c7cc95dd37d9f342afff1a673f42b4f) Importer(815301076,1909f56bfc062723c751e8b465ee728b)
Start importing Assets/planet/mars.jpg using Guid(9c7cc95dd37d9f342afff1a673f42b4f) Importer(815301076,1909f56bfc062723c751e8b465ee728b)  -> (artifact id: '155afaf5307ed0e19477875c17e6de17') in 0.017668 seconds 
========================================================================
Received Import Request.
  Time since last request: 0.000020 seconds.
  path: Assets/planet/jupiter.mat
  artifactKey: Guid(5cdfc4ee2836a4b4288f2bfa6aa59b6d) Importer(815301076,1909f56bfc062723c751e8b465ee728b)
Start importing Assets/planet/jupiter.mat using Guid(5cdfc4ee2836a4b4288f2bfa6aa59b6d) Importer(815301076,1909f56bfc062723c751e8b465ee728b)  -> (artifact id: '3c2eae9fdc15e42ba2ef81a93f13d475') in 0.056296 seconds 
========================================================================
Received Import Request.
  Time since last request: 0.000030 seconds.
  path: Assets/planet/mercury.jpg
  artifactKey: Guid(3089b99a39ab03d4b8cbb006548f9d2c) Importer(815301076,1909f56bfc062723c751e8b465ee728b)
Start importing Assets/planet/mercury.jpg using Guid(3089b99a39ab03d4b8cbb006548f9d2c) Importer(815301076,1909f56bfc062723c751e8b465ee728b)  -> (artifact id: '607e156941b3073647de2b91b6eec283') in 0.017910 seconds 
========================================================================
Received Import Request.
  Time since last request: 0.000021 seconds.
  path: Assets/planet/neptune.jpg
  artifactKey: Guid(a4c787e0e636f214db68a91c7141f24a) Importer(815301076,1909f56bfc062723c751e8b465ee728b)
Start importing Assets/planet/neptune.jpg using Guid(a4c787e0e636f214db68a91c7141f24a) Importer(815301076,1909f56bfc062723c751e8b465ee728b)  -> (artifact id: 'bf22b5ec448373c48b84497d50103a01') in 0.017573 seconds 
========================================================================
Received Import Request.
  Time since last request: 0.000024 seconds.
  path: Assets/planet/venus.mat
  artifactKey: Guid(1316e68c18261b645876a785886cf621) Importer(815301076,1909f56bfc062723c751e8b465ee728b)
Start importing Assets/planet/venus.mat using Guid(1316e68c18261b645876a785886cf621) Importer(815301076,1909f56bfc062723c751e8b465ee728b)  -> (artifact id: '617bdd075f7c56458bedcab1916973e9') in 0.017603 seconds 
========================================================================
Received Import Request.
  Time since last request: 0.000034 seconds.
  path: Assets/planet/uranus.jpg
  artifactKey: Guid(a64618becaf719346bb3c22b779acd14) Importer(815301076,1909f56bfc062723c751e8b465ee728b)
Start importing Assets/planet/uranus.jpg using Guid(a64618becaf719346bb3c22b779acd14) Importer(815301076,1909f56bfc062723c751e8b465ee728b)  -> (artifact id: '83d6879ec4100c98a8988a08d433ff62') in 0.014892 seconds 
========================================================================
Received Import Request.
  Time since last request: 42.542895 seconds.
  path: Assets/TextMesh Pro/Examples & Extras/Resources/Fonts & Materials/Anton SDF - Outline.mat
  artifactKey: Guid(a00013af81304728b2be1f4309ee2433) Importer(815301076,1909f56bfc062723c751e8b465ee728b)
Start importing Assets/TextMesh Pro/Examples & Extras/Resources/Fonts & Materials/Anton SDF - Outline.mat using Guid(a00013af81304728b2be1f4309ee2433) Importer(815301076,1909f56bfc062723c751e8b465ee728b)  -> (artifact id: 'dfa1cd6dd8c7d0ebb7461ca803e359f6') in 0.078300 seconds 
========================================================================
Received Import Request.
  Time since last request: 0.000026 seconds.
  path: Assets/Manomotion/Fonts/montserrat/Montserrat-Italic.otf
  artifactKey: Guid(0b8b1885504264b459bb553b9c0722e6) Importer(815301076,1909f56bfc062723c751e8b465ee728b)
Start importing Assets/Manomotion/Fonts/montserrat/Montserrat-Italic.otf using Guid(0b8b1885504264b459bb553b9c0722e6) Importer(815301076,1909f56bfc062723c751e8b465ee728b)  -> (artifact id: '57060d13c21bc007ee02d28ef39553ff') in 0.041849 seconds 
========================================================================
Received Import Request.
  Time since last request: 0.000023 seconds.
  path: Assets/Manomotion/Materials/WristInfoRedLeft.mat
  artifactKey: Guid(361c4446d8b8bf645ba1f5fc1aa6fd83) Importer(815301076,1909f56bfc062723c751e8b465ee728b)
Start importing Assets/Manomotion/Materials/WristInfoRedLeft.mat using Guid(361c4446d8b8bf645ba1f5fc1aa6fd83) Importer(815301076,1909f56bfc062723c751e8b465ee728b)  -> (artifact id: 'c97406570c14db0d88ebdd871a7d3e6d') in 0.041384 seconds 
========================================================================
Received Import Request.
  Time since last request: 0.000025 seconds.
  path: Assets/Manomotion/Fonts/montserrat/MontserratAlternates-Italic.otf
  artifactKey: Guid(d523d878d26a47441abb62e3b474ee20) Importer(815301076,1909f56bfc062723c751e8b465ee728b)
Start importing Assets/Manomotion/Fonts/montserrat/MontserratAlternates-Italic.otf using Guid(d523d878d26a47441abb62e3b474ee20) Importer(815301076,1909f56bfc062723c751e8b465ee728b)  -> (artifact id: '4e474cf9a2befc1c1b158ccfe6eb8d1a') in 0.022987 seconds 
========================================================================
Received Import Request.
  Time since last request: 0.000038 seconds.
  path: Assets/TextMesh Pro/Examples & Extras/Fonts/Oswald-Bold.ttf
  artifactKey: Guid(c9f6d0e7bc8541498c9a4799ba184ede) Importer(815301076,1909f56bfc062723c751e8b465ee728b)
Start importing Assets/TextMesh Pro/Examples & Extras/Fonts/Oswald-Bold.ttf using Guid(c9f6d0e7bc8541498c9a4799ba184ede) Importer(815301076,1909f56bfc062723c751e8b465ee728b)  -> (artifact id: '39c3c00bde79784904db8b54dfdfab1d') in 0.022759 seconds 
========================================================================
Received Import Request.
  Time since last request: 0.000021 seconds.
  path: Assets/TextMesh Pro/Examples & Extras/Fonts/Roboto-Bold.ttf
  artifactKey: Guid(4beb055f07aaff244873dec698d0363e) Importer(815301076,1909f56bfc062723c751e8b465ee728b)
Start importing Assets/TextMesh Pro/Examples & Extras/Fonts/Roboto-Bold.ttf using Guid(4beb055f07aaff244873dec698d0363e) Importer(815301076,1909f56bfc062723c751e8b465ee728b)  -> (artifact id: '556b69e757dbe8e2339a7e8575587732') in 0.023932 seconds 
========================================================================
Received Import Request.
  Time since last request: 0.000034 seconds.
  path: Assets/ManoMotion Skeleton/Materials/SkeletonJointMaterial_3D_Green.mat
  artifactKey: Guid(6f2de6aa6d02df346aaccaed95a3ba7b) Importer(815301076,1909f56bfc062723c751e8b465ee728b)
Start importing Assets/ManoMotion Skeleton/Materials/SkeletonJointMaterial_3D_Green.mat using Guid(6f2de6aa6d02df346aaccaed95a3ba7b) Importer(815301076,1909f56bfc062723c751e8b465ee728b)  -> (artifact id: 'df3aa9ebda733442bde3950f3f4ca9d4') in 0.015058 seconds 
========================================================================
Received Import Request.
  Time since last request: 0.000024 seconds.
  path: Assets/TextMesh Pro/Examples & Extras/Resources/Fonts & Materials/Bangers SDF.asset
  artifactKey: Guid(125cb55b44b24c4393181402bc6200e6) Importer(815301076,1909f56bfc062723c751e8b465ee728b)
Start importing Assets/TextMesh Pro/Examples & Extras/Resources/Fonts & Materials/Bangers SDF.asset using Guid(125cb55b44b24c4393181402bc6200e6) Importer(815301076,1909f56bfc062723c751e8b465ee728b)  -> (artifact id: 'a47ab37fd532126edba07d8b46f4f6f1') in 0.041616 seconds 
========================================================================
Received Import Request.
  Time since last request: 0.000021 seconds.
  path: Assets/ExampleAssets/Materials/PlacedCubeMat.mat
  artifactKey: Guid(0ce7ca15cd93341beb67396a494cef55) Importer(815301076,1909f56bfc062723c751e8b465ee728b)
Start importing Assets/ExampleAssets/Materials/PlacedCubeMat.mat using Guid(0ce7ca15cd93341beb67396a494cef55) Importer(815301076,1909f56bfc062723c751e8b465ee728b)  -> (artifact id: '30df9b7b1d45a571727b06e8210dde61') in 0.307241 seconds 
========================================================================
Received Import Request.
  Time since last request: 0.000022 seconds.
  path: Assets/ManoMotion Skeleton/Materials/SkeletonJointMaterial_3D_Red.mat
  artifactKey: Guid(97a85358d3203ae42956dc862bf29b95) Importer(815301076,1909f56bfc062723c751e8b465ee728b)
Start importing Assets/ManoMotion Skeleton/Materials/SkeletonJointMaterial_3D_Red.mat using Guid(97a85358d3203ae42956dc862bf29b95) Importer(815301076,1909f56bfc062723c751e8b465ee728b)  -> (artifact id: 'f92909f56fae126d6a674ed0ca40d9fa') in 0.018370 seconds 
========================================================================
Received Import Request.
  Time since last request: 0.000031 seconds.
  path: Assets/Manomotion/Fonts/montserrat/MontserratAlternates-SemiBoldItalic.otf
  artifactKey: Guid(0a9c9d7dd2e88844db61b67b5d414617) Importer(815301076,1909f56bfc062723c751e8b465ee728b)
Start importing Assets/Manomotion/Fonts/montserrat/MontserratAlternates-SemiBoldItalic.otf using Guid(0a9c9d7dd2e88844db61b67b5d414617) Importer(815301076,1909f56bfc062723c751e8b465ee728b)  -> (artifact id: '4dea1dacbc7ef5ef79de98a884d427b9') in 0.023689 seconds 
========================================================================
Received Import Request.
  Time since last request: 0.000019 seconds.
  path: Assets/Manomotion/Materials/FingerInfoGreenRight.mat
  artifactKey: Guid(0204971cc341b8a4f8ebbee7bea07874) Importer(815301076,1909f56bfc062723c751e8b465ee728b)
Start importing Assets/Manomotion/Materials/FingerInfoGreenRight.mat using Guid(0204971cc341b8a4f8ebbee7bea07874) Importer(815301076,1909f56bfc062723c751e8b465ee728b)  -> (artifact id: 'a48c0e71b7660db1b337b9e683f2717f') in 0.018865 seconds 
========================================================================
Received Import Request.
  Time since last request: 0.000021 seconds.
  path: Assets/Manomotion/Fonts/montserrat/MontserratAlternates-MediumItalic.otf
  artifactKey: Guid(327004d383ca9334f8b110d8308bb006) Importer(815301076,1909f56bfc062723c751e8b465ee728b)
Start importing Assets/Manomotion/Fonts/montserrat/MontserratAlternates-MediumItalic.otf using Guid(327004d383ca9334f8b110d8308bb006) Importer(815301076,1909f56bfc062723c751e8b465ee728b)  -> (artifact id: '3e24d85c6627309570bb2995820e5d6e') in 0.030391 seconds 
========================================================================
Received Import Request.
  Time since last request: 0.000021 seconds.
  path: Assets/Manomotion/Fonts/montserrat/Montserrat-SemiBoldItalic.otf
  artifactKey: Guid(905f9d9a03069d648bfedb9691a70944) Importer(815301076,1909f56bfc062723c751e8b465ee728b)
Start importing Assets/Manomotion/Fonts/montserrat/Montserrat-SemiBoldItalic.otf using Guid(905f9d9a03069d648bfedb9691a70944) Importer(815301076,1909f56bfc062723c751e8b465ee728b)  -> (artifact id: '140aed89ed68ceee3fe72ee38a78ed07') in 0.021725 seconds 
========================================================================
Received Import Request.
  Time since last request: 0.000033 seconds.
  path: Assets/TextMesh Pro/Examples & Extras/Materials/Crate - Surface Shader Scene.mat
  artifactKey: Guid(e6b9b44320f4448d9d5e0ee634259966) Importer(815301076,1909f56bfc062723c751e8b465ee728b)
Start importing Assets/TextMesh Pro/Examples & Extras/Materials/Crate - Surface Shader Scene.mat using Guid(e6b9b44320f4448d9d5e0ee634259966) Importer(815301076,1909f56bfc062723c751e8b465ee728b)  -> (artifact id: '46eb7797e94e2f34523d474b95f3cad0') in 0.017944 seconds 
========================================================================
Received Import Request.
  Time since last request: 0.000030 seconds.
  path: Assets/TextMesh Pro/Fonts/LiberationSans.ttf
  artifactKey: Guid(e3265ab4bf004d28a9537516768c1c75) Importer(815301076,1909f56bfc062723c751e8b465ee728b)
Start importing Assets/TextMesh Pro/Fonts/LiberationSans.ttf using Guid(e3265ab4bf004d28a9537516768c1c75) Importer(815301076,1909f56bfc062723c751e8b465ee728b)  -> (artifact id: '86e85d55384b22641579099d0f1ce7e8') in 0.021645 seconds 
========================================================================
Received Import Request.
  Time since last request: 0.000025 seconds.
  path: Assets/TextMesh Pro/Examples & Extras/Materials/Ground - Surface Shader Scene.mat
  artifactKey: Guid(aadd5a709a48466c887296bb5b1b8110) Importer(815301076,1909f56bfc062723c751e8b465ee728b)
Start importing Assets/TextMesh Pro/Examples & Extras/Materials/Ground - Surface Shader Scene.mat using Guid(aadd5a709a48466c887296bb5b1b8110) Importer(815301076,1909f56bfc062723c751e8b465ee728b)  -> (artifact id: '5066d855fb552e4c87ef3ad6969ff163') in 0.016493 seconds 
========================================================================
Received Import Request.
  Time since last request: 0.000022 seconds.
  path: Assets/Manomotion/UIBlurEffect/Materials/GrabPass.mat
  artifactKey: Guid(7ab75d57d91fe4c41a1bf47e18aaf0fb) Importer(815301076,1909f56bfc062723c751e8b465ee728b)
Start importing Assets/Manomotion/UIBlurEffect/Materials/GrabPass.mat using Guid(7ab75d57d91fe4c41a1bf47e18aaf0fb) Importer(815301076,1909f56bfc062723c751e8b465ee728b)  -> (artifact id: 'ab74f9ea59480bce579b3f081d211ef4') in 0.017242 seconds 
========================================================================
Received Import Request.
  Time since last request: 0.000029 seconds.
  path: Assets/Manomotion/Fonts/montserrat/Montserrat-SemiBold.otf
  artifactKey: Guid(999ade809b0527844941d305c2719b78) Importer(815301076,1909f56bfc062723c751e8b465ee728b)
Start importing Assets/Manomotion/Fonts/montserrat/Montserrat-SemiBold.otf using Guid(999ade809b0527844941d305c2719b78) Importer(815301076,1909f56bfc062723c751e8b465ee728b)  -> (artifact id: '603cac03f2bed3ec20ce307f5aeeb0b0') in 0.026874 seconds 
========================================================================
Received Import Request.
  Time since last request: 0.000030 seconds.
  path: Packages/com.unity.xr.arfoundation/Materials/DebugFace.mat
  artifactKey: Guid(35bd980c8f2234e3d8b640e25a677d65) Importer(815301076,1909f56bfc062723c751e8b465ee728b)
Start importing Packages/com.unity.xr.arfoundation/Materials/DebugFace.mat using Guid(35bd980c8f2234e3d8b640e25a677d65) Importer(815301076,1909f56bfc062723c751e8b465ee728b)  -> (artifact id: '580f951a2a5e529c8eab5a506d2e8368') in 0.121757 seconds 
========================================================================
Received Import Request.
  Time since last request: 0.000051 seconds.
  path: Assets/TextMesh Pro/Examples & Extras/Materials/Ground - Logo Scene.mat
  artifactKey: Guid(c719e38f25a9480abd2480ab621a2949) Importer(815301076,1909f56bfc062723c751e8b465ee728b)
Start importing Assets/TextMesh Pro/Examples & Extras/Materials/Ground - Logo Scene.mat using Guid(c719e38f25a9480abd2480ab621a2949) Importer(815301076,1909f56bfc062723c751e8b465ee728b)  -> (artifact id: 'fc8284f918085b34d080e77e34ea063e') in 0.013609 seconds 
========================================================================
Received Import Request.
  Time since last request: 0.000021 seconds.
  path: Assets/Manomotion/Fonts/montserrat/Montserrat-Regular.otf
  artifactKey: Guid(6dbc558cc67e124468939d94449ad1a5) Importer(815301076,1909f56bfc062723c751e8b465ee728b)
Start importing Assets/Manomotion/Fonts/montserrat/Montserrat-Regular.otf using Guid(6dbc558cc67e124468939d94449ad1a5) Importer(815301076,1909f56bfc062723c751e8b465ee728b)  -> (artifact id: '40833e2f0158685da2ee880574084af3') in 0.021339 seconds 
========================================================================
Received Import Request.
  Time since last request: 0.000027 seconds.
  path: Assets/Manomotion/Materials/WristInfoBlue.mat
  artifactKey: Guid(68d44f8b9812afd4b86db4845ab1a831) Importer(815301076,1909f56bfc062723c751e8b465ee728b)
Start importing Assets/Manomotion/Materials/WristInfoBlue.mat using Guid(68d44f8b9812afd4b86db4845ab1a831) Importer(815301076,1909f56bfc062723c751e8b465ee728b)  -> (artifact id: 'b17e4477d809a7fbf9e589bd4c9d0e28') in 0.018617 seconds 
========================================================================
Received Import Request.
  Time since last request: 0.000030 seconds.
  path: Assets/Manomotion/Fonts/montserrat/Montserrat-Medium.otf
  artifactKey: Guid(03a0c69eba1894448899d9d556bc7908) Importer(815301076,1909f56bfc062723c751e8b465ee728b)
Start importing Assets/Manomotion/Fonts/montserrat/Montserrat-Medium.otf using Guid(03a0c69eba1894448899d9d556bc7908) Importer(815301076,1909f56bfc062723c751e8b465ee728b)  -> (artifact id: 'fe59ed7ffe5a02a096a71975b815de5d') in 0.023568 seconds 
========================================================================
Received Import Request.
  Time since last request: 0.000023 seconds.
  path: Assets/TextMesh Pro/Examples & Extras/Materials/Small Crate_diffuse.mat
  artifactKey: Guid(22262639920f43d6be32430e4e58350d) Importer(815301076,1909f56bfc062723c751e8b465ee728b)
Start importing Assets/TextMesh Pro/Examples & Extras/Materials/Small Crate_diffuse.mat using Guid(22262639920f43d6be32430e4e58350d) Importer(815301076,1909f56bfc062723c751e8b465ee728b)  -> (artifact id: '040413ba6765150718b456a980547e7e') in 0.014356 seconds 
========================================================================
Received Import Request.
  Time since last request: 0.000028 seconds.
  path: Assets/Manomotion/Fonts/montserrat/Montserrat-ExtraBoldItalic.otf
  artifactKey: Guid(4068c812a3cb63646af9a21538837f72) Importer(815301076,1909f56bfc062723c751e8b465ee728b)
Start importing Assets/Manomotion/Fonts/montserrat/Montserrat-ExtraBoldItalic.otf using Guid(4068c812a3cb63646af9a21538837f72) Importer(815301076,1909f56bfc062723c751e8b465ee728b)  -> (artifact id: '2144bfb090cb37e4a927dfdfb0d26db0') in 0.023975 seconds 
========================================================================
Received Import Request.
  Time since last request: 0.000020 seconds.
  path: Assets/TextMesh Pro/Examples & Extras/Resources/Fonts & Materials/LiberationSans SDF - Overlay.mat
  artifactKey: Guid(9ad269c99dcf42b7aedefd83dd5a7b9d) Importer(815301076,1909f56bfc062723c751e8b465ee728b)
Start importing Assets/TextMesh Pro/Examples & Extras/Resources/Fonts & Materials/LiberationSans SDF - Overlay.mat using Guid(9ad269c99dcf42b7aedefd83dd5a7b9d) Importer(815301076,1909f56bfc062723c751e8b465ee728b)  -> (artifact id: '9e0b38f92f3dd64daf11da6d01c590ee') in 0.039216 seconds 
========================================================================
Received Import Request.
  Time since last request: 0.000019 seconds.
  path: Assets/ManoMotion Skeleton/Materials/SkeletonJointMaterial_2D_Blue.mat
  artifactKey: Guid(dab638efafdf801438c19576abe5ca90) Importer(815301076,1909f56bfc062723c751e8b465ee728b)
Start importing Assets/ManoMotion Skeleton/Materials/SkeletonJointMaterial_2D_Blue.mat using Guid(dab638efafdf801438c19576abe5ca90) Importer(815301076,1909f56bfc062723c751e8b465ee728b)  -> (artifact id: '33057cc362730a9fcef72fe5177a1323') in 0.016391 seconds 
========================================================================
Received Import Request.
  Time since last request: 0.000021 seconds.
  path: Assets/Manomotion/Fonts/montserrat/Montserrat-BlackItalic.otf
  artifactKey: Guid(b613cec548b288d439ce9e8d233b61a3) Importer(815301076,1909f56bfc062723c751e8b465ee728b)
Start importing Assets/Manomotion/Fonts/montserrat/Montserrat-BlackItalic.otf using Guid(b613cec548b288d439ce9e8d233b61a3) Importer(815301076,1909f56bfc062723c751e8b465ee728b)  -> (artifact id: '57b8ac8eba5b32613ae80c9c3be263c9') in 0.022108 seconds 
========================================================================
Received Import Request.
  Time since last request: 0.000027 seconds.
  path: Assets/Manomotion/Fonts/montserrat/Montserrat-Thin.otf
  artifactKey: Guid(d848043829fa67246881aca4f0b129bb) Importer(815301076,1909f56bfc062723c751e8b465ee728b)
Start importing Assets/Manomotion/Fonts/montserrat/Montserrat-Thin.otf using Guid(d848043829fa67246881aca4f0b129bb) Importer(815301076,1909f56bfc062723c751e8b465ee728b)  -> (artifact id: '70e692c0913bd3c7fb7817b036a68402') in 0.029957 seconds 
========================================================================
Received Import Request.
  Time since last request: 0.000032 seconds.
  path: Assets/Manomotion/Fonts/montserrat/MontserratAlternates-BlackItalic.otf
  artifactKey: Guid(5a96c1bb9965af549857cb75e6aaf213) Importer(815301076,1909f56bfc062723c751e8b465ee728b)
Start importing Assets/Manomotion/Fonts/montserrat/MontserratAlternates-BlackItalic.otf using Guid(5a96c1bb9965af549857cb75e6aaf213) Importer(815301076,1909f56bfc062723c751e8b465ee728b)  -> (artifact id: '66d085e8312df586d8f7d6d30aa07e88') in 0.022313 seconds 
========================================================================
Received Import Request.
  Time since last request: 0.000020 seconds.
  path: Assets/Manomotion/Fonts/montserrat/Montserrat-Black.otf
  artifactKey: Guid(b9de495dba2f1f74e8521f319f6af566) Importer(815301076,1909f56bfc062723c751e8b465ee728b)
Start importing Assets/Manomotion/Fonts/montserrat/Montserrat-Black.otf using Guid(b9de495dba2f1f74e8521f319f6af566) Importer(815301076,1909f56bfc062723c751e8b465ee728b)  -> (artifact id: '98f374bef9d198eee5390acfdc39206d') in 0.020623 seconds 
========================================================================
Received Import Request.
  Time since last request: 0.000020 seconds.
  path: Assets/Manomotion/Fonts/montserrat/MontserratAlternates-BoldItalic.otf
  artifactKey: Guid(4ae4f109361d57a4d82681f852c1dc67) Importer(815301076,1909f56bfc062723c751e8b465ee728b)
Start importing Assets/Manomotion/Fonts/montserrat/MontserratAlternates-BoldItalic.otf using Guid(4ae4f109361d57a4d82681f852c1dc67) Importer(815301076,1909f56bfc062723c751e8b465ee728b)  -> (artifact id: '1a540f1e440cde4f8681fa82c90278ea') in 0.036332 seconds 
========================================================================
Received Import Request.
  Time since last request: 0.000026 seconds.
  path: Assets/ManoMotion ARFoundation/Examples/Inetraction/Materials/Green_MAT.mat
  artifactKey: Guid(7b565b5add381ee45b035b89477b2524) Importer(815301076,1909f56bfc062723c751e8b465ee728b)
Start importing Assets/ManoMotion ARFoundation/Examples/Inetraction/Materials/Green_MAT.mat using Guid(7b565b5add381ee45b035b89477b2524) Importer(815301076,1909f56bfc062723c751e8b465ee728b)  -> (artifact id: '656866c3442705a7af24704741ad37e3') in 0.016002 seconds 
========================================================================
Received Import Request.
  Time since last request: 0.000016 seconds.
  path: Assets/TextMesh Pro/Examples & Extras/Resources/Fonts & Materials/Roboto-Bold SDF - Surface.mat
  artifactKey: Guid(e6b276ec991f467aa14ef1f3cc665993) Importer(815301076,1909f56bfc062723c751e8b465ee728b)
Start importing Assets/TextMesh Pro/Examples & Extras/Resources/Fonts & Materials/Roboto-Bold SDF - Surface.mat using Guid(e6b276ec991f467aa14ef1f3cc665993) Importer(815301076,1909f56bfc062723c751e8b465ee728b)  -> (artifact id: '6fa5a4bfb595c37643fdd41418788cb1') in 0.173874 seconds 
========================================================================
Received Import Request.
  Time since last request: 0.000032 seconds.
  path: Packages/com.unity.xr.arfoundation/Materials/DebugPlane.mat
  artifactKey: Guid(f1a110d32af21aa4d872c707dfcc6043) Importer(815301076,1909f56bfc062723c751e8b465ee728b)
Start importing Packages/com.unity.xr.arfoundation/Materials/DebugPlane.mat using Guid(f1a110d32af21aa4d872c707dfcc6043) Importer(815301076,1909f56bfc062723c751e8b465ee728b)  -> (artifact id: '30b68fdafbf17c974c942510aa01cde5') in 0.336504 seconds 
========================================================================
Received Import Request.
  Time since last request: 0.000039 seconds.
  path: Assets/Manomotion/Fonts/Ignis/Ignis et Glacies Sharp BoldItalic.ttf
  artifactKey: Guid(c3daee327022b4dc891914b279df9c51) Importer(815301076,1909f56bfc062723c751e8b465ee728b)
Start importing Assets/Manomotion/Fonts/Ignis/Ignis et Glacies Sharp BoldItalic.ttf using Guid(c3daee327022b4dc891914b279df9c51) Importer(815301076,1909f56bfc062723c751e8b465ee728b)  -> (artifact id: '7be54079c5a5380d3a9ba45321d8de92') in 0.026358 seconds 
========================================================================
Received Import Request.
  Time since last request: 0.000027 seconds.
  path: Assets/TextMesh Pro/Examples & Extras/Resources/Fonts & Materials/LiberationSans SDF - Soft Mask.mat
  artifactKey: Guid(42df1c7856584b6b8db9a509b6b10074) Importer(815301076,1909f56bfc062723c751e8b465ee728b)
Start importing Assets/TextMesh Pro/Examples & Extras/Resources/Fonts & Materials/LiberationSans SDF - Soft Mask.mat using Guid(42df1c7856584b6b8db9a509b6b10074) Importer(815301076,1909f56bfc062723c751e8b465ee728b)  -> (artifact id: '58bc3df383cf834815cf05a0b2117cbd') in 0.043126 seconds 
========================================================================
Received Import Request.
  Time since last request: 0.149455 seconds.
  path: Assets/ManoMotion Skeleton/Prefabs/3D Joints.prefab
  artifactKey: Guid(9727994025934bd45a2dff98d44bb1b3) Importer(815301076,1909f56bfc062723c751e8b465ee728b)
Start importing Assets/ManoMotion Skeleton/Prefabs/3D Joints.prefab using Guid(9727994025934bd45a2dff98d44bb1b3) Importer(815301076,1909f56bfc062723c751e8b465ee728b)  -> (artifact id: 'a32f520725f661ff2d7b7d69b259e8bd') in 0.082626 seconds 
========================================================================
Received Import Request.
  Time since last request: 0.000024 seconds.
  path: Assets/ManoMotion ARFoundation/Examples/Inetraction/Prefabs/Hand Collider.prefab
  artifactKey: Guid(4057360d35146184fb53c237469696c8) Importer(815301076,1909f56bfc062723c751e8b465ee728b)
Start importing Assets/ManoMotion ARFoundation/Examples/Inetraction/Prefabs/Hand Collider.prefab using Guid(4057360d35146184fb53c237469696c8) Importer(815301076,1909f56bfc062723c751e8b465ee728b)  -> (artifact id: 'a0651640766482391bf9180fd50e9a83') in 0.023776 seconds 
========================================================================
Received Import Request.
  Time since last request: 0.000024 seconds.
  path: Assets/Manomotion/Prefabs/FlagsGizmo.prefab
  artifactKey: Guid(3c84d15d05e8d4de583bdb0d4c2f3fbc) Importer(815301076,1909f56bfc062723c751e8b465ee728b)
Start importing Assets/Manomotion/Prefabs/FlagsGizmo.prefab using Guid(3c84d15d05e8d4de583bdb0d4c2f3fbc) Importer(815301076,1909f56bfc062723c751e8b465ee728b)  -> (artifact id: 'cc99a438b40fd03aa6cb77a059b79553') in 0.032065 seconds 
========================================================================
Received Import Request.
  Time since last request: 0.000030 seconds.
  path: Assets/Manomotion/Prefabs/TryOnFeatures/Finger.prefab
  artifactKey: Guid(b4584f45bcd16864495621adffb0e413) Importer(815301076,1909f56bfc062723c751e8b465ee728b)
Start importing Assets/Manomotion/Prefabs/TryOnFeatures/Finger.prefab using Guid(b4584f45bcd16864495621adffb0e413) Importer(815301076,1909f56bfc062723c751e8b465ee728b)  -> (artifact id: '9643a661ab1bb16d447c40778fa364e6') in 0.204036 seconds 
========================================================================
Received Import Request.
  Time since last request: 0.000042 seconds.
  path: Assets/Manomotion/Prefabs/bounding box .prefab
  artifactKey: Guid(3cfbe302e6d4f5646ba1d0aea861efa3) Importer(815301076,1909f56bfc062723c751e8b465ee728b)
Start importing Assets/Manomotion/Prefabs/bounding box .prefab using Guid(3cfbe302e6d4f5646ba1d0aea861efa3) Importer(815301076,1909f56bfc062723c751e8b465ee728b)  -> (artifact id: '157a9f8fd90a7cef8d789da7c85522ac') in 0.071294 seconds 
========================================================================
Received Import Request.
  Time since last request: 0.000025 seconds.
  path: Assets/Manomotion/Prefabs/Instructions/Confirmation.prefab
  artifactKey: Guid(eae1e916fd01945f992e8689538e75d7) Importer(815301076,1909f56bfc062723c751e8b465ee728b)
Start importing Assets/Manomotion/Prefabs/Instructions/Confirmation.prefab using Guid(eae1e916fd01945f992e8689538e75d7) Importer(815301076,1909f56bfc062723c751e8b465ee728b)  -> (artifact id: '93228e7536d673440a3cd93abc2e938e') in 0.018266 seconds 
========================================================================
Received Import Request.
  Time since last request: 0.000021 seconds.
  path: Assets/Manomotion/Prefabs/TryOnFeatures/TryOnManager.prefab
  artifactKey: Guid(39f3f199f6cfdfb4e919775455b2ce95) Importer(815301076,1909f56bfc062723c751e8b465ee728b)
Start importing Assets/Manomotion/Prefabs/TryOnFeatures/TryOnManager.prefab using Guid(39f3f199f6cfdfb4e919775455b2ce95) Importer(815301076,1909f56bfc062723c751e8b465ee728b)  -> (artifact id: 'cc60bb7c2f4664d821c10a8b2f193249') in 0.013629 seconds 
========================================================================
Received Import Request.
  Time since last request: 0.000027 seconds.
  path: Assets/TextMesh Pro/Examples & Extras/Prefabs/TextMeshPro - Prefab 1.prefab
  artifactKey: Guid(a6e39ced0ea046bcb636c3f0b2e2a745) Importer(815301076,1909f56bfc062723c751e8b465ee728b)
Start importing Assets/TextMesh Pro/Examples & Extras/Prefabs/TextMeshPro - Prefab 1.prefab using Guid(a6e39ced0ea046bcb636c3f0b2e2a745) Importer(815301076,1909f56bfc062723c751e8b465ee728b)  -> (artifact id: '857d00b92706dd12525e05ee0d147f27') in 0.080420 seconds 
========================================================================
Received Import Request.
  Time since last request: 0.000024 seconds.
  path: Assets/Manomotion/Prefabs/MainMenu.prefab
  artifactKey: Guid(e242760f640fc45cb85df90503466cb2) Importer(815301076,1909f56bfc062723c751e8b465ee728b)
Start importing Assets/Manomotion/Prefabs/MainMenu.prefab using Guid(e242760f640fc45cb85df90503466cb2) Importer(815301076,1909f56bfc062723c751e8b465ee728b)  -> (artifact id: 'cec4a1e867b69a7bfe94cffa126a365e') in 0.070998 seconds 
========================================================================
Received Import Request.
  Time since last request: 0.000039 seconds.
  path: Assets/ManoMotion ARFoundation/Prefabs/ARManomotionManager.prefab
  artifactKey: Guid(d51db39ed46eb16419119819e79cc835) Importer(815301076,1909f56bfc062723c751e8b465ee728b)
Start importing Assets/ManoMotion ARFoundation/Prefabs/ARManomotionManager.prefab using Guid(d51db39ed46eb16419119819e79cc835) Importer(815301076,1909f56bfc062723c751e8b465ee728b)  -> (artifact id: '6a5c04876d09cee8fba12d92ca7ae57e') in 0.014220 seconds 
========================================================================
Received Import Request.
  Time since last request: 0.000025 seconds.
  path: Assets/Manomotion/Prefabs/TryOnFeatures/Wrist.prefab
  artifactKey: Guid(9e95c0b04795ddb4ca7a58efe72cd6d0) Importer(815301076,1909f56bfc062723c751e8b465ee728b)
Start importing Assets/Manomotion/Prefabs/TryOnFeatures/Wrist.prefab using Guid(9e95c0b04795ddb4ca7a58efe72cd6d0) Importer(815301076,1909f56bfc062723c751e8b465ee728b)  -> (artifact id: 'f6e1ce8c371b5d195efcfb81e854a811') in 0.024972 seconds 
========================================================================
Received Import Request.
  Time since last request: 0.000021 seconds.
  path: Assets/Manomotion/Prefabs/ManomotionManager.prefab
  artifactKey: Guid(3b19460acec7fad4baeab3db2a8268e1) Importer(815301076,1909f56bfc062723c751e8b465ee728b)
Start importing Assets/Manomotion/Prefabs/ManomotionManager.prefab using Guid(3b19460acec7fad4baeab3db2a8268e1) Importer(815301076,1909f56bfc062723c751e8b465ee728b)  -> (artifact id: 'ecfeaff37364e1951b4dce8a1ecc2f82') in 0.014807 seconds 
========================================================================
Received Import Request.
  Time since last request: 0.000034 seconds.
  path: Assets/Manomotion/UIBlurEffect/BlurImage.prefab
  artifactKey: Guid(29ba2cac4c36f449393c164301664f12) Importer(815301076,1909f56bfc062723c751e8b465ee728b)
Start importing Assets/Manomotion/UIBlurEffect/BlurImage.prefab using Guid(29ba2cac4c36f449393c164301664f12) Importer(815301076,1909f56bfc062723c751e8b465ee728b)  -> (artifact id: '94e03d94b38b9f4c659158b873f97b39') in 0.014776 seconds 
Editor requested this worker to shutdown with reason: Scaling down because of idle timeout
AssetImportWorker is now disconnected from the server
Process exiting
Exiting without the bug reporter. Application will terminate with return code 0