Using pre-set license
Built from '2021.3/staging' branch; Version is '2021.3.9f1 (ad3870b89536) revision 11352176'; Using compiler version '192829333'; Build Type 'Release'
OS: 'Windows 10  (10.0.19044) 64bit Core' Language: 'en' Physical Memory: 16341 MB
BatchMode: 1, IsHumanControllingUs: 0, StartBugReporterOnCrash: 0, Is64bit: 1, IsPro: 1

COMMAND LINE ARGUMENTS:
C:\Program Files\Unity\Hub\Editor\2021.3.9f1\Editor\Unity.exe
-adb2
-batchMode
-noUpm
-name
AssetImportWorker2
-projectPath
C:/GitHubProjects/XRD/Second-Assignmnent-AR
-logFile
Logs/AssetImportWorker2.log
-srvPort
64573
Successfully changed project path to: C:/GitHubProjects/XRD/Second-Assignmnent-AR
C:/GitHubProjects/XRD/Second-Assignmnent-AR
[UnityMemory] Configuration Parameters - Can be set up in boot.config
    "memorysetup-bucket-allocator-granularity=16"
    "memorysetup-bucket-allocator-bucket-count=8"
    "memorysetup-bucket-allocator-block-size=33554432"
    "memorysetup-bucket-allocator-block-count=8"
    "memorysetup-main-allocator-block-size=16777216"
    "memorysetup-thread-allocator-block-size=16777216"
    "memorysetup-gfx-main-allocator-block-size=16777216"
    "memorysetup-gfx-thread-allocator-block-size=16777216"
    "memorysetup-cache-allocator-block-size=4194304"
    "memorysetup-typetree-allocator-block-size=2097152"
    "memorysetup-profiler-bucket-allocator-granularity=16"
    "memorysetup-profiler-bucket-allocator-bucket-count=8"
    "memorysetup-profiler-bucket-allocator-block-size=33554432"
    "memorysetup-profiler-bucket-allocator-block-count=8"
    "memorysetup-profiler-allocator-block-size=16777216"
    "memorysetup-profiler-editor-allocator-block-size=1048576"
    "memorysetup-temp-allocator-size-main=16777216"
    "memorysetup-job-temp-allocator-block-size=2097152"
    "memorysetup-job-temp-allocator-block-size-background=1048576"
    "memorysetup-job-temp-allocator-reduction-small-platforms=262144"
    "memorysetup-temp-allocator-size-background-worker=32768"
    "memorysetup-temp-allocator-size-job-worker=262144"
    "memorysetup-temp-allocator-size-preload-manager=33554432"
    "memorysetup-temp-allocator-size-nav-mesh-worker=65536"
    "memorysetup-temp-allocator-size-audio-worker=65536"
    "memorysetup-temp-allocator-size-cloud-worker=32768"
    "memorysetup-temp-allocator-size-gi-baking-worker=262144"
    "memorysetup-temp-allocator-size-gfx=262144"
Refreshing native plugins compatible for Editor in 138.97 ms, found 9 plugins.
Preloading 0 native plugins for Editor in 0.00 ms.
Initialize engine version: 2021.3.9f1 (ad3870b89536)
[Subsystems] Discovering subsystems at path C:/Program Files/Unity/Hub/Editor/2021.3.9f1/Editor/Data/Resources/UnitySubsystems
[Subsystems] Discovering subsystems at path C:/GitHubProjects/XRD/Second-Assignmnent-AR/Assets
GfxDevice: creating device client; threaded=0; jobified=0
Direct3D:
    Version:  Direct3D 11.0 [level 11.1]
    Renderer: NVIDIA GeForce RTX 3060 Ti (ID=0x2486)
    Vendor:   NVIDIA
    VRAM:     8050 MB
    Driver:   31.0.15.1694
Initialize mono
Mono path[0] = 'C:/Program Files/Unity/Hub/Editor/2021.3.9f1/Editor/Data/Managed'
Mono path[1] = 'C:/Program Files/Unity/Hub/Editor/2021.3.9f1/Editor/Data/MonoBleedingEdge/lib/mono/unityjit-win32'
Mono config path = 'C:/Program Files/Unity/Hub/Editor/2021.3.9f1/Editor/Data/MonoBleedingEdge/etc'
Using monoOptions --debugger-agent=transport=dt_socket,embedding=1,server=y,suspend=n,address=127.0.0.1:56124
Begin MonoManager ReloadAssembly
Registering precompiled unity dll's ...
Register platform support module: C:/Program Files/Unity/Hub/Editor/2021.3.9f1/Editor/Data/PlaybackEngines/WebGLSupport/UnityEditor.WebGL.Extensions.dll
Register platform support module: C:/Program Files/Unity/Hub/Editor/2021.3.9f1/Editor/Data/PlaybackEngines/AndroidPlayer/UnityEditor.Android.Extensions.dll
Register platform support module: C:/Program Files/Unity/Hub/Editor/2021.3.9f1/Editor/Data/PlaybackEngines/WindowsStandaloneSupport/UnityEditor.WindowsStandalone.Extensions.dll
Register platform support module: C:/Program Files/Unity/Hub/Editor/2021.3.9f1/Editor/Data/PlaybackEngines/MetroSupport/UnityEditor.UWP.Extensions.dll
Registered in 0.019011 seconds.
Native extension for UWP target not found
Native extension for WindowsStandalone target not found
Native extension for Android target not found
Native extension for WebGL target not found
Refreshing native plugins compatible for Editor in 96.46 ms, found 9 plugins.
Preloading 0 native plugins for Editor in 0.00 ms.
Mono: successfully reloaded assembly
- Completed reload, in  0.744 seconds
Domain Reload Profiling:
	ReloadAssembly (744ms)
		BeginReloadAssembly (102ms)
			ExecutionOrderSort (0ms)
			DisableScriptedObjects (0ms)
			BackupInstance (0ms)
			ReleaseScriptingObjects (0ms)
			CreateAndSetChildDomain (1ms)
		EndReloadAssembly (512ms)
			LoadAssemblies (100ms)
			RebuildTransferFunctionScriptingTraits (0ms)
			SetupTypeCache (116ms)
			ReleaseScriptCaches (0ms)
			RebuildScriptCaches (30ms)
			SetupLoadedEditorAssemblies (306ms)
				LogAssemblyErrors (0ms)
				InitializePlatformSupportModulesInManaged (64ms)
				SetLoadedEditorAssemblies (0ms)
				RefreshPlugins (97ms)
				BeforeProcessingInitializeOnLoad (2ms)
				ProcessInitializeOnLoadAttributes (98ms)
				ProcessInitializeOnLoadMethodAttributes (46ms)
				AfterProcessingInitializeOnLoad (0ms)
				EditorAssembliesLoaded (0ms)
			ExecutionOrderSort2 (0ms)
			AwakeInstancesAfterBackupRestoration (0ms)
Platform modules already initialized, skipping
Registering precompiled user dll's ...
Registered in 0.020200 seconds.
Begin MonoManager ReloadAssembly
Symbol file LoadedFromMemory doesn't match image C:\GitHubProjects\XRD\Second-Assignmnent-AR\Library\PackageCache\com.unity.visualscripting@1.7.8\Editor\VisualScripting.Core\Dependencies\DotNetZip\Unity.VisualScripting.IonicZip.dll
Symbol file LoadedFromMemory doesn't match image C:\GitHubProjects\XRD\Second-Assignmnent-AR\Library\PackageCache\com.unity.visualscripting@1.7.8\Editor\VisualScripting.Core\Dependencies\YamlDotNet\Unity.VisualScripting.YamlDotNet.dll
Native extension for UWP target not found
Native extension for WindowsStandalone target not found
Native extension for Android target not found
Native extension for WebGL target not found
Refreshing native plugins compatible for Editor in 97.59 ms, found 9 plugins.
Preloading 0 native plugins for Editor in 0.00 ms.
Package Manager log level set to [2]
Mono: successfully reloaded assembly
- Completed reload, in  1.586 seconds
Domain Reload Profiling:
	ReloadAssembly (1587ms)
		BeginReloadAssembly (237ms)
			ExecutionOrderSort (0ms)
			DisableScriptedObjects (7ms)
			BackupInstance (0ms)
			ReleaseScriptingObjects (0ms)
			CreateAndSetChildDomain (123ms)
		EndReloadAssembly (1218ms)
			LoadAssemblies (130ms)
			RebuildTransferFunctionScriptingTraits (0ms)
			SetupTypeCache (325ms)
			ReleaseScriptCaches (1ms)
			RebuildScriptCaches (72ms)
			SetupLoadedEditorAssemblies (642ms)
				LogAssemblyErrors (0ms)
				InitializePlatformSupportModulesInManaged (24ms)
				SetLoadedEditorAssemblies (0ms)
				RefreshPlugins (98ms)
				BeforeProcessingInitializeOnLoad (146ms)
				ProcessInitializeOnLoadAttributes (332ms)
				ProcessInitializeOnLoadMethodAttributes (28ms)
				AfterProcessingInitializeOnLoad (14ms)
				EditorAssembliesLoaded (0ms)
			ExecutionOrderSort2 (0ms)
			AwakeInstancesAfterBackupRestoration (7ms)
Platform modules already initialized, skipping
========================================================================
Worker process is ready to serve import requests
Launched and connected shader compiler UnityShaderCompiler.exe after 0.10 seconds
Refreshing native plugins compatible for Editor in 1.02 ms, found 9 plugins.
Preloading 0 native plugins for Editor in 0.00 ms.
Unloading 4653 Unused Serialized files (Serialized files now loaded: 0)
Unloading 50 unused Assets / (58.7 KB). Loaded Objects now: 5095.
Memory consumption went from 160.8 MB to 160.7 MB.
Total: 4.901800 ms (FindLiveObjects: 0.367200 ms CreateObjectMapping: 0.327600 ms MarkObjects: 4.108400 ms  DeleteObjects: 0.097400 ms)

AssetImportParameters requested are different than current active one (requested -> active):
  custom:video-decoder-ogg-theora: a1e56fd34408186e4bbccfd4996cb3dc -> 
  custom:container-muxer-webm: aa71ff27fc2769a1b78a27578f13a17b -> 
  custom:container-demuxer-webm: 4f35f7cbe854078d1ac9338744f61a02 -> 
  custom:video-encoder-webm-vp8: eb34c28f22e8b96e1ab97ce403110664 -> 
  custom:audio-encoder-webm-vorbis: bf7c407c2cedff20999df2af8eb42d56 -> 
  custom:framework-win-MediaFoundation: 216162199b28c13a410421893ffa2e32 -> 
  custom:container-demuxer-ogg: 62fdf1f143b41e24485cea50d1cbac27 -> 
  custom:video-decoder-webm-vp8: 9c59270c3fd7afecdb556c50c9e8de78 -> 
  custom:audio-decoder-ogg-vorbis: bf7c407c2cedff20999df2af8eb42d56 -> 
========================================================================
Received Import Request.
  Time since last request: 429.520002 seconds.
  path: Assets/TextMesh Pro/Examples & Extras/Resources/Fonts & Materials/Anton SDF - Drop Shadow.mat
  artifactKey: Guid(749b9069dc4742c5bfa5c74644049926) Importer(815301076,1909f56bfc062723c751e8b465ee728b)
Start importing Assets/TextMesh Pro/Examples & Extras/Resources/Fonts & Materials/Anton SDF - Drop Shadow.mat using Guid(749b9069dc4742c5bfa5c74644049926) Importer(815301076,1909f56bfc062723c751e8b465ee728b)  -> (artifact id: '5776a5e0954b758763735aadef5f5937') in 0.256351 seconds 
========================================================================
Received Import Request.
  Time since last request: 0.000020 seconds.
  path: Assets/Manomotion/Fonts/montserrat/Montserrat-Light.otf
  artifactKey: Guid(084bf6705c16ef84dae020bfba804fac) Importer(815301076,1909f56bfc062723c751e8b465ee728b)
Start importing Assets/Manomotion/Fonts/montserrat/Montserrat-Light.otf using Guid(084bf6705c16ef84dae020bfba804fac) Importer(815301076,1909f56bfc062723c751e8b465ee728b)  -> (artifact id: 'c18be729070df4124ca9c7909e7df641') in 0.043942 seconds 
========================================================================
Received Import Request.
  Time since last request: 0.000028 seconds.
  path: Assets/TextMesh Pro/Resources/Fonts & Materials/LiberationSans SDF - Fallback.asset
  artifactKey: Guid(2e498d1c8094910479dc3e1b768306a4) Importer(815301076,1909f56bfc062723c751e8b465ee728b)
Start importing Assets/TextMesh Pro/Resources/Fonts & Materials/LiberationSans SDF - Fallback.asset using Guid(2e498d1c8094910479dc3e1b768306a4) Importer(815301076,1909f56bfc062723c751e8b465ee728b)  -> (artifact id: 'f30833ad6d5481bfcd5e854153ede98f') in 0.069526 seconds 
========================================================================
Received Import Request.
  Time since last request: 0.000028 seconds.
  path: Assets/ManoMotion Skeleton/Materials/SkeletonJointMaterial_3D_DarkGreen.mat
  artifactKey: Guid(276cfadc41370e346a6fdeedc5e8a413) Importer(815301076,1909f56bfc062723c751e8b465ee728b)
Start importing Assets/ManoMotion Skeleton/Materials/SkeletonJointMaterial_3D_DarkGreen.mat using Guid(276cfadc41370e346a6fdeedc5e8a413) Importer(815301076,1909f56bfc062723c751e8b465ee728b)  -> (artifact id: '8861025f48e6022fa5a744ae67d5e4ef') in 0.021122 seconds 
========================================================================
Received Import Request.
  Time since last request: 0.000030 seconds.
  path: Assets/Manomotion/Fonts/sofiapro/Fonts/Sofia Pro Bold.ttf
  artifactKey: Guid(8c745acc403576d4baa7245d57d9b3e7) Importer(815301076,1909f56bfc062723c751e8b465ee728b)
Start importing Assets/Manomotion/Fonts/sofiapro/Fonts/Sofia Pro Bold.ttf using Guid(8c745acc403576d4baa7245d57d9b3e7) Importer(815301076,1909f56bfc062723c751e8b465ee728b)  -> (artifact id: '56d6893e81dba11103b453047017e293') in 0.043710 seconds 
========================================================================
Received Import Request.
  Time since last request: 0.000021 seconds.
  path: Assets/Manomotion/Fonts/montserrat/Montserrat-Bold.otf
  artifactKey: Guid(2938d754028135142943f8a39cbfc0d5) Importer(815301076,1909f56bfc062723c751e8b465ee728b)
Start importing Assets/Manomotion/Fonts/montserrat/Montserrat-Bold.otf using Guid(2938d754028135142943f8a39cbfc0d5) Importer(815301076,1909f56bfc062723c751e8b465ee728b)  -> (artifact id: '016ac32663e9f55a8fc942b35361c0c9') in 0.029780 seconds 
========================================================================
Received Import Request.
  Time since last request: 0.000025 seconds.
  path: Assets/TextMesh Pro/Resources/Fonts & Materials/LiberationSans SDF.asset
  artifactKey: Guid(8f586378b4e144a9851e7b34d9b748ee) Importer(815301076,1909f56bfc062723c751e8b465ee728b)
Start importing Assets/TextMesh Pro/Resources/Fonts & Materials/LiberationSans SDF.asset using Guid(8f586378b4e144a9851e7b34d9b748ee) Importer(815301076,1909f56bfc062723c751e8b465ee728b)  -> (artifact id: 'a245affd2b44dceae3e6f0ba7163b373') in 0.055593 seconds 
========================================================================
Received Import Request.
  Time since last request: 0.000031 seconds.
  path: Assets/ManoMotion Skeleton/Materials/SkeletonJointMaterial_3D_Blue.mat
  artifactKey: Guid(275bbb2396b9afa4d963d5c94206ad82) Importer(815301076,1909f56bfc062723c751e8b465ee728b)
Start importing Assets/ManoMotion Skeleton/Materials/SkeletonJointMaterial_3D_Blue.mat using Guid(275bbb2396b9afa4d963d5c94206ad82) Importer(815301076,1909f56bfc062723c751e8b465ee728b)  -> (artifact id: '1cb7d7129efc8a0cea529e8f3837f07f') in 0.015880 seconds 
========================================================================
Received Import Request.
  Time since last request: 0.000019 seconds.
  path: Assets/ManoMotion Skeleton/Materials/SkeletonJointMaterial_2D_Green.mat
  artifactKey: Guid(419014f37f33c594d82207eb158f83ce) Importer(815301076,1909f56bfc062723c751e8b465ee728b)
Start importing Assets/ManoMotion Skeleton/Materials/SkeletonJointMaterial_2D_Green.mat using Guid(419014f37f33c594d82207eb158f83ce) Importer(815301076,1909f56bfc062723c751e8b465ee728b)  -> (artifact id: 'f205bc55ef4053e1309062f9faf248df') in 0.017212 seconds 
========================================================================
Received Import Request.
  Time since last request: 0.000020 seconds.
  path: Assets/Manomotion/Fonts/montserrat/Montserrat-ExtraLightItalic.otf
  artifactKey: Guid(7dd989af317b6af47908abdb979af9d5) Importer(815301076,1909f56bfc062723c751e8b465ee728b)
Start importing Assets/Manomotion/Fonts/montserrat/Montserrat-ExtraLightItalic.otf using Guid(7dd989af317b6af47908abdb979af9d5) Importer(815301076,1909f56bfc062723c751e8b465ee728b)  -> (artifact id: '88091338dbbf65db2941659baa460030') in 0.029522 seconds 
========================================================================
Received Import Request.
  Time since last request: 0.000017 seconds.
  path: Assets/Manomotion/UIBlurEffect/Materials/Red.mat
  artifactKey: Guid(b7df5b7e229f9134cb7b6e78650522a9) Importer(815301076,1909f56bfc062723c751e8b465ee728b)
Start importing Assets/Manomotion/UIBlurEffect/Materials/Red.mat using Guid(b7df5b7e229f9134cb7b6e78650522a9) Importer(815301076,1909f56bfc062723c751e8b465ee728b)  -> (artifact id: '8ac35b3d3b7ffce6812051547e65ffaa') in 0.018021 seconds 
========================================================================
Received Import Request.
  Time since last request: 0.000024 seconds.
  path: Assets/ManoMotion Skeleton/Materials/SkeletonJointMaterial_2D_Yellow.mat
  artifactKey: Guid(2ed239be4f1f71a4b89c3c9408ca5fe5) Importer(815301076,1909f56bfc062723c751e8b465ee728b)
Start importing Assets/ManoMotion Skeleton/Materials/SkeletonJointMaterial_2D_Yellow.mat using Guid(2ed239be4f1f71a4b89c3c9408ca5fe5) Importer(815301076,1909f56bfc062723c751e8b465ee728b)  -> (artifact id: 'bf5322689799b39b4275235cfe7e9472') in 0.021904 seconds 
========================================================================
Received Import Request.
  Time since last request: 0.000022 seconds.
  path: Assets/TextMesh Pro/Examples & Extras/Resources/Fonts & Materials/Bangers SDF - Outline.mat
  artifactKey: Guid(f629c6e43dba4bf38cb74d8860150664) Importer(815301076,1909f56bfc062723c751e8b465ee728b)
Start importing Assets/TextMesh Pro/Examples & Extras/Resources/Fonts & Materials/Bangers SDF - Outline.mat using Guid(f629c6e43dba4bf38cb74d8860150664) Importer(815301076,1909f56bfc062723c751e8b465ee728b)  -> (artifact id: '99e1128b3bc2d4700969716f226f3bd4') in 0.072184 seconds 
========================================================================
Received Import Request.
  Time since last request: 0.000032 seconds.
  path: Assets/Manomotion/Fonts/montserrat/MontserratAlternates-Regular.otf
  artifactKey: Guid(b4f805873fc7ed44280e3fb48560a15e) Importer(815301076,1909f56bfc062723c751e8b465ee728b)
Start importing Assets/Manomotion/Fonts/montserrat/MontserratAlternates-Regular.otf using Guid(b4f805873fc7ed44280e3fb48560a15e) Importer(815301076,1909f56bfc062723c751e8b465ee728b)  -> (artifact id: '81758a3147a06076d3d27eaf8bf7fa6d') in 0.025597 seconds 
========================================================================
Received Import Request.
  Time since last request: 0.000030 seconds.
  path: Assets/TextMesh Pro/Examples & Extras/Fonts/Electronic Highway Sign.TTF
  artifactKey: Guid(8a2b9e2a607dd2143b58c44bc32410b4) Importer(815301076,1909f56bfc062723c751e8b465ee728b)
Start importing Assets/TextMesh Pro/Examples & Extras/Fonts/Electronic Highway Sign.TTF using Guid(8a2b9e2a607dd2143b58c44bc32410b4) Importer(815301076,1909f56bfc062723c751e8b465ee728b)  -> (artifact id: '49bd709abaca415c72f16bab2f7c8abb') in 0.024289 seconds 
========================================================================
Received Import Request.
  Time since last request: 0.000018 seconds.
  path: Assets/Manomotion/Fonts/montserrat/Montserrat-ExtraBold.otf
  artifactKey: Guid(7c630ebd26660054aab6f5ad7eea7b6b) Importer(815301076,1909f56bfc062723c751e8b465ee728b)
Start importing Assets/Manomotion/Fonts/montserrat/Montserrat-ExtraBold.otf using Guid(7c630ebd26660054aab6f5ad7eea7b6b) Importer(815301076,1909f56bfc062723c751e8b465ee728b)  -> (artifact id: 'c07b86471c9aa866a5a1d204825aec81') in 0.025161 seconds 
========================================================================
Received Import Request.
  Time since last request: 0.000018 seconds.
  path: Assets/TextMesh Pro/Examples & Extras/Fonts/Bangers.ttf
  artifactKey: Guid(5dd49b3eacc540408c98eee0de38e0f1) Importer(815301076,1909f56bfc062723c751e8b465ee728b)
Start importing Assets/TextMesh Pro/Examples & Extras/Fonts/Bangers.ttf using Guid(5dd49b3eacc540408c98eee0de38e0f1) Importer(815301076,1909f56bfc062723c751e8b465ee728b)  -> (artifact id: '8143402d22029970b128b219e5fbb318') in 0.025782 seconds 
========================================================================
Received Import Request.
  Time since last request: 0.000030 seconds.
  path: Assets/TextMesh Pro/Examples & Extras/Resources/Fonts & Materials/Bangers SDF Logo.mat
  artifactKey: Guid(f4e195ac1e204eff960149d1cb34e18c) Importer(815301076,1909f56bfc062723c751e8b465ee728b)
Start importing Assets/TextMesh Pro/Examples & Extras/Resources/Fonts & Materials/Bangers SDF Logo.mat using Guid(f4e195ac1e204eff960149d1cb34e18c) Importer(815301076,1909f56bfc062723c751e8b465ee728b)  -> (artifact id: 'd7bf0c1ea42e4dc95af8194c4ed00b82') in 0.382599 seconds 
========================================================================
Received Import Request.
  Time since last request: 0.000027 seconds.
  path: Assets/ManoMotion ARFoundation/Assets/ARfoundationMaterial.mat
  artifactKey: Guid(7023fb0dc143a40a2b69851ace343825) Importer(815301076,1909f56bfc062723c751e8b465ee728b)
Start importing Assets/ManoMotion ARFoundation/Assets/ARfoundationMaterial.mat using Guid(7023fb0dc143a40a2b69851ace343825) Importer(815301076,1909f56bfc062723c751e8b465ee728b)  -> (artifact id: '027f7f1904a212935b6d76725680e02b') in 0.015761 seconds 
========================================================================
Received Import Request.
  Time since last request: 0.000040 seconds.
  path: Assets/Manomotion/Fonts/montserrat/MontserratAlternates-LightItalic.otf
  artifactKey: Guid(a969d875cd785bd4790b0d03d9afcb9a) Importer(815301076,1909f56bfc062723c751e8b465ee728b)
Start importing Assets/Manomotion/Fonts/montserrat/MontserratAlternates-LightItalic.otf using Guid(a969d875cd785bd4790b0d03d9afcb9a) Importer(815301076,1909f56bfc062723c751e8b465ee728b)  -> (artifact id: '6e729b1481aa5c2426395229df6aa6e5') in 0.022632 seconds 
========================================================================
Received Import Request.
  Time since last request: 0.000051 seconds.
  path: Assets/Manomotion/Fonts/montserrat/MontserratAlternates-ExtraBold.otf
  artifactKey: Guid(9bc47136bd580cd46b50d913902a8c74) Importer(815301076,1909f56bfc062723c751e8b465ee728b)
Start importing Assets/Manomotion/Fonts/montserrat/MontserratAlternates-ExtraBold.otf using Guid(9bc47136bd580cd46b50d913902a8c74) Importer(815301076,1909f56bfc062723c751e8b465ee728b)  -> (artifact id: '2a4a75fae14796f49e656bf6f7d945a3') in 0.024592 seconds 
========================================================================
Received Import Request.
  Time since last request: 0.000022 seconds.
  path: Assets/TextMesh Pro/Resources/Fonts & Materials/LiberationSans SDF - Drop Shadow.mat
  artifactKey: Guid(e73a58f6e2794ae7b1b7e50b7fb811b0) Importer(815301076,1909f56bfc062723c751e8b465ee728b)
Start importing Assets/TextMesh Pro/Resources/Fonts & Materials/LiberationSans SDF - Drop Shadow.mat using Guid(e73a58f6e2794ae7b1b7e50b7fb811b0) Importer(815301076,1909f56bfc062723c751e8b465ee728b)  -> (artifact id: '5ef2e656a035a2d782bb129030a892a0') in 0.044350 seconds 
========================================================================
Received Import Request.
  Time since last request: 0.000023 seconds.
  path: Assets/Manomotion/Fonts/montserrat/Montserrat-LightItalic.otf
  artifactKey: Guid(17f12e8e29882104ca2cd32891c661ec) Importer(815301076,1909f56bfc062723c751e8b465ee728b)
Start importing Assets/Manomotion/Fonts/montserrat/Montserrat-LightItalic.otf using Guid(17f12e8e29882104ca2cd32891c661ec) Importer(815301076,1909f56bfc062723c751e8b465ee728b)  -> (artifact id: '1510bc611688813157846abb2e53c787') in 0.031046 seconds 
========================================================================
Received Import Request.
  Time since last request: 0.000030 seconds.
  path: Assets/Manomotion/Fonts/montserrat/Montserrat-ThinItalic.otf
  artifactKey: Guid(c7f6eb9208ed2fe4f90f470c4ee3dc8a) Importer(815301076,1909f56bfc062723c751e8b465ee728b)
Start importing Assets/Manomotion/Fonts/montserrat/Montserrat-ThinItalic.otf using Guid(c7f6eb9208ed2fe4f90f470c4ee3dc8a) Importer(815301076,1909f56bfc062723c751e8b465ee728b)  -> (artifact id: '76b7151ed38aee5ff00ed8157e7b5992') in 0.023244 seconds 
========================================================================
Received Import Request.
  Time since last request: 0.000019 seconds.
  path: Assets/Manomotion/Fonts/montserrat/MontserratAlternates-Black.otf
  artifactKey: Guid(921127f36e4eb13418c059f5daf2bd7b) Importer(815301076,1909f56bfc062723c751e8b465ee728b)
Start importing Assets/Manomotion/Fonts/montserrat/MontserratAlternates-Black.otf using Guid(921127f36e4eb13418c059f5daf2bd7b) Importer(815301076,1909f56bfc062723c751e8b465ee728b)  -> (artifact id: '2cf0454907ea11fc83407c048f29125c') in 0.035092 seconds 
========================================================================
Received Import Request.
  Time since last request: 0.000033 seconds.
  path: Assets/TextMesh Pro/Examples & Extras/Fonts/Anton.ttf
  artifactKey: Guid(997a43b767814dd0a7642ec9b78cba41) Importer(815301076,1909f56bfc062723c751e8b465ee728b)
Start importing Assets/TextMesh Pro/Examples & Extras/Fonts/Anton.ttf using Guid(997a43b767814dd0a7642ec9b78cba41) Importer(815301076,1909f56bfc062723c751e8b465ee728b)  -> (artifact id: 'd715a65cec22557af36e509655f99a14') in 0.023334 seconds 
========================================================================
Received Import Request.
  Time since last request: 0.000030 seconds.
  path: Assets/ManoMotion Skeleton/Materials/SkeletonJointMaterial_2D_Purple.mat
  artifactKey: Guid(9d539c485634e4e44836f745d6e6442d) Importer(815301076,1909f56bfc062723c751e8b465ee728b)
Start importing Assets/ManoMotion Skeleton/Materials/SkeletonJointMaterial_2D_Purple.mat using Guid(9d539c485634e4e44836f745d6e6442d) Importer(815301076,1909f56bfc062723c751e8b465ee728b)  -> (artifact id: '6bbd430b456d7b01a2b134fa0a93c188') in 0.018112 seconds 
========================================================================
Received Import Request.
  Time since last request: 0.000030 seconds.
  path: Assets/Manomotion/3DAssets/jewel_v2.obj
  artifactKey: Guid(00207d6068027a14ab0e94295ac86984) Importer(815301076,1909f56bfc062723c751e8b465ee728b)
Start importing Assets/Manomotion/3DAssets/jewel_v2.obj using Guid(00207d6068027a14ab0e94295ac86984) Importer(815301076,1909f56bfc062723c751e8b465ee728b)  -> (artifact id: 'f9f1b061311c1c72dd4e4742526d27c8') in 0.337055 seconds 
========================================================================
Received Import Request.
  Time since last request: 0.000027 seconds.
  path: Assets/Manomotion/Fonts/montserrat/Montserrat-ExtraLight.otf
  artifactKey: Guid(f722dc3860b863947bffb71ff28c2238) Importer(815301076,1909f56bfc062723c751e8b465ee728b)
Start importing Assets/Manomotion/Fonts/montserrat/Montserrat-ExtraLight.otf using Guid(f722dc3860b863947bffb71ff28c2238) Importer(815301076,1909f56bfc062723c751e8b465ee728b)  -> (artifact id: '608bf2ecff6be2e1f5395f8c47da536b') in 0.042199 seconds 
========================================================================
Received Import Request.
  Time since last request: 0.000031 seconds.
  path: Assets/Manomotion/Fonts/montserrat/MontserratAlternates-Light.otf
  artifactKey: Guid(501a818ea079bfe4e9d95ade8be3ba80) Importer(815301076,1909f56bfc062723c751e8b465ee728b)
Start importing Assets/Manomotion/Fonts/montserrat/MontserratAlternates-Light.otf using Guid(501a818ea079bfe4e9d95ade8be3ba80) Importer(815301076,1909f56bfc062723c751e8b465ee728b)  -> (artifact id: 'c2ef4a181e891187650ca4ef350ca677') in 0.030178 seconds 
========================================================================
Received Import Request.
  Time since last request: 0.000025 seconds.
  path: Assets/TextMesh Pro/Examples & Extras/Resources/Fonts & Materials/LiberationSans SDF - Metalic Green.mat
  artifactKey: Guid(8b29aaa3eec7468097ff07adfcf29ac9) Importer(815301076,1909f56bfc062723c751e8b465ee728b)
Start importing Assets/TextMesh Pro/Examples & Extras/Resources/Fonts & Materials/LiberationSans SDF - Metalic Green.mat using Guid(8b29aaa3eec7468097ff07adfcf29ac9) Importer(815301076,1909f56bfc062723c751e8b465ee728b)  -> (artifact id: '585c21f1433aba134d6739311fcbc669') in 0.166934 seconds 
========================================================================
Received Import Request.
  Time since last request: 0.047287 seconds.
  path: Assets/ManoMotion Skeleton/Prefabs/2D Joints.prefab
  artifactKey: Guid(f1aff8a52ebf189468fb98b21c94d56d) Importer(815301076,1909f56bfc062723c751e8b465ee728b)
Start importing Assets/ManoMotion Skeleton/Prefabs/2D Joints.prefab using Guid(f1aff8a52ebf189468fb98b21c94d56d) Importer(815301076,1909f56bfc062723c751e8b465ee728b)  -> (artifact id: '80b3014b0ab7aa44a15a7d100d29fcc3') in 0.084349 seconds 
========================================================================
Received Import Request.
  Time since last request: 0.000020 seconds.
  path: Assets/Manomotion/Prefabs/GizmoCanvas.prefab
  artifactKey: Guid(84b17eee54c744578b650ff304284bda) Importer(815301076,1909f56bfc062723c751e8b465ee728b)
Start importing Assets/Manomotion/Prefabs/GizmoCanvas.prefab using Guid(84b17eee54c744578b650ff304284bda) Importer(815301076,1909f56bfc062723c751e8b465ee728b)  -> (artifact id: 'ee044c400ed2ef012ea6e58e90ef6e7e') in 0.051798 seconds 
========================================================================
Received Import Request.
  Time since last request: 0.000028 seconds.
  path: Assets/ManoMotion Skeleton/Prefabs/Joint.prefab
  artifactKey: Guid(9b83f6265eabf5a4fa9d8c8ed72116f0) Importer(815301076,1909f56bfc062723c751e8b465ee728b)
Start importing Assets/ManoMotion Skeleton/Prefabs/Joint.prefab using Guid(9b83f6265eabf5a4fa9d8c8ed72116f0) Importer(815301076,1909f56bfc062723c751e8b465ee728b)  -> (artifact id: '61d443990970116c5e5c4696a6a2739f') in 0.018736 seconds 
========================================================================
Received Import Request.
  Time since last request: 0.000037 seconds.
  path: Assets/Manomotion/Prefabs/particle.prefab
  artifactKey: Guid(db76ee32a9b614a4a9983f01277f9552) Importer(815301076,1909f56bfc062723c751e8b465ee728b)
Start importing Assets/Manomotion/Prefabs/particle.prefab using Guid(db76ee32a9b614a4a9983f01277f9552) Importer(815301076,1909f56bfc062723c751e8b465ee728b)  -> (artifact id: '70aabf24018ef5b4ec485ef3d899d434') in 0.189010 seconds 
========================================================================
Received Import Request.
  Time since last request: 0.000027 seconds.
  path: Assets/ManoMotion ARFoundation/Examples/Inetraction/Prefabs/SpawnCube.prefab
  artifactKey: Guid(9d24fc21ab7fdc044b5f72e5d5d02eea) Importer(815301076,1909f56bfc062723c751e8b465ee728b)
Start importing Assets/ManoMotion ARFoundation/Examples/Inetraction/Prefabs/SpawnCube.prefab using Guid(9d24fc21ab7fdc044b5f72e5d5d02eea) Importer(815301076,1909f56bfc062723c751e8b465ee728b)  -> (artifact id: '30d6bd3a8c94623cedbdae586d7dadd5') in 0.058164 seconds 
========================================================================
Received Import Request.
  Time since last request: 0.000045 seconds.
  path: Assets/Manomotion/Prefabs/RowSeperatorPrefab.prefab
  artifactKey: Guid(48d3002017db0194584934de620546a5) Importer(815301076,1909f56bfc062723c751e8b465ee728b)
Start importing Assets/Manomotion/Prefabs/RowSeperatorPrefab.prefab using Guid(48d3002017db0194584934de620546a5) Importer(815301076,1909f56bfc062723c751e8b465ee728b)  -> (artifact id: '0c64a12ef00c864a97e03d45ced2f7c3') in 0.014041 seconds 
========================================================================
Received Import Request.
  Time since last request: 0.000022 seconds.
  path: Packages/com.unity.xr.legacyinputhelpers/Prefabs/XRRig.prefab
  artifactKey: Guid(c116b7497ab8ca34c9188965d4295e27) Importer(815301076,1909f56bfc062723c751e8b465ee728b)
Start importing Packages/com.unity.xr.legacyinputhelpers/Prefabs/XRRig.prefab using Guid(c116b7497ab8ca34c9188965d4295e27) Importer(815301076,1909f56bfc062723c751e8b465ee728b)  -> (artifact id: '8bd8b0f8b96e19841b97bd32b36257d9') in 0.013663 seconds 
========================================================================
Received Import Request.
  Time since last request: 0.000028 seconds.
  path: Assets/Manomotion/Prefabs/3D Points.prefab
  artifactKey: Guid(2ef309ea0a5158045a2893d2d482dd35) Importer(815301076,1909f56bfc062723c751e8b465ee728b)
Start importing Assets/Manomotion/Prefabs/3D Points.prefab using Guid(2ef309ea0a5158045a2893d2d482dd35) Importer(815301076,1909f56bfc062723c751e8b465ee728b)  -> (artifact id: '8ae0d5ee61a69faf9d9527390d15050c') in 0.088447 seconds 
========================================================================
Received Import Request.
  Time since last request: 0.000026 seconds.
  path: Assets/Manomotion/Prefabs/UsageDisclaimer.prefab
  artifactKey: Guid(c04a43825aaf84f2bbf97765577068eb) Importer(815301076,1909f56bfc062723c751e8b465ee728b)
Start importing Assets/Manomotion/Prefabs/UsageDisclaimer.prefab using Guid(c04a43825aaf84f2bbf97765577068eb) Importer(815301076,1909f56bfc062723c751e8b465ee728b)  -> (artifact id: '4143626d58926f3ba6521accad5dd30e') in 0.027307 seconds 
========================================================================
Received Import Request.
  Time since last request: 0.000029 seconds.
  path: Assets/Manomotion/Prefabs/Example - Application Manager.prefab
  artifactKey: Guid(63291b5b4f2621245b902de7efb3b172) Importer(815301076,1909f56bfc062723c751e8b465ee728b)
Start importing Assets/Manomotion/Prefabs/Example - Application Manager.prefab using Guid(63291b5b4f2621245b902de7efb3b172) Importer(815301076,1909f56bfc062723c751e8b465ee728b)  -> (artifact id: '2718dd3eff71515793fd15bb421cc373') in 0.078761 seconds 
========================================================================
Received Import Request.
  Time since last request: 0.000052 seconds.
  path: Assets/ExampleAssets/Prefabs/ARPlane.prefab
  artifactKey: Guid(3738bd65ede154463b2c35064b9e5fdb) Importer(815301076,1909f56bfc062723c751e8b465ee728b)
Start importing Assets/ExampleAssets/Prefabs/ARPlane.prefab using Guid(3738bd65ede154463b2c35064b9e5fdb) Importer(815301076,1909f56bfc062723c751e8b465ee728b)  -> (artifact id: 'cac431e1f9b9b7900d97601ae80a24cc') in 0.014703 seconds 
========================================================================
Received Import Request.
  Time since last request: 0.000026 seconds.
  path: Assets/Manomotion/Prefabs/GenericManomotionLayer.prefab
  artifactKey: Guid(7331c3471c3b27c4084d7378fe751223) Importer(815301076,1909f56bfc062723c751e8b465ee728b)
Start importing Assets/Manomotion/Prefabs/GenericManomotionLayer.prefab using Guid(7331c3471c3b27c4084d7378fe751223) Importer(815301076,1909f56bfc062723c751e8b465ee728b)  -> (artifact id: 'bd64fb3627578854d2c246b69a534eab') in 0.021435 seconds 
========================================================================
Received Import Request.
  Time since last request: 0.000032 seconds.
  path: Assets/Manomotion/Prefabs/Instructions/InstructionCard.prefab
  artifactKey: Guid(ed074358255e846ab89db938e5c254ec) Importer(815301076,1909f56bfc062723c751e8b465ee728b)
Start importing Assets/Manomotion/Prefabs/Instructions/InstructionCard.prefab using Guid(ed074358255e846ab89db938e5c254ec) Importer(815301076,1909f56bfc062723c751e8b465ee728b)  -> (artifact id: '751cd5fcf6b65a5bc72add802366c26f') in 0.015213 seconds 
========================================================================
Received Import Request.
  Time since last request: 14.161785 seconds.
  path: Assets/XR/XRGeneralSettings.asset
  artifactKey: Guid(58f40b12bbc864f3c96c6505a9a1e1e3) Importer(815301076,1909f56bfc062723c751e8b465ee728b)
Start importing Assets/XR/XRGeneralSettings.asset using Guid(58f40b12bbc864f3c96c6505a9a1e1e3) Importer(815301076,1909f56bfc062723c751e8b465ee728b)  -> (artifact id: '63eaf7a5b9f3e70cc8f1451efa59b0c2') in 0.013277 seconds 
========================================================================
Received Prepare
Refreshing native plugins compatible for Editor in 24.05 ms, found 9 plugins.
Preloading 0 native plugins for Editor in 0.00 ms.
Unloading 40 Unused Serialized files (Serialized files now loaded: 0)
Unloading 43 unused Assets / (24.6 KB). Loaded Objects now: 5146.
Memory consumption went from 72.0 MB to 72.0 MB.
Total: 84.388100 ms (FindLiveObjects: 1.386500 ms CreateObjectMapping: 0.596100 ms MarkObjects: 81.761500 ms  DeleteObjects: 0.642500 ms)

AssetImportParameters requested are different than current active one (requested -> active):
  custom:video-decoder-ogg-theora: a1e56fd34408186e4bbccfd4996cb3dc -> 
  custom:container-muxer-webm: aa71ff27fc2769a1b78a27578f13a17b -> 
  custom:container-demuxer-webm: 4f35f7cbe854078d1ac9338744f61a02 -> 
  custom:video-encoder-webm-vp8: eb34c28f22e8b96e1ab97ce403110664 -> 
  custom:audio-encoder-webm-vorbis: bf7c407c2cedff20999df2af8eb42d56 -> 
  custom:framework-win-MediaFoundation: 216162199b28c13a410421893ffa2e32 -> 
  custom:container-demuxer-ogg: 62fdf1f143b41e24485cea50d1cbac27 -> 
  custom:video-decoder-webm-vp8: 9c59270c3fd7afecdb556c50c9e8de78 -> 
  custom:audio-decoder-ogg-vorbis: bf7c407c2cedff20999df2af8eb42d56 -> 
========================================================================
Received Prepare
Refreshing native plugins compatible for Editor in 27.61 ms, found 9 plugins.
Preloading 0 native plugins for Editor in 0.00 ms.
Unloading 40 Unused Serialized files (Serialized files now loaded: 0)
Unloading 40 unused Assets / (22.9 KB). Loaded Objects now: 5146.
Memory consumption went from 72.0 MB to 72.0 MB.
Total: 7.700200 ms (FindLiveObjects: 1.069200 ms CreateObjectMapping: 0.548400 ms MarkObjects: 6.029500 ms  DeleteObjects: 0.052000 ms)

AssetImportParameters requested are different than current active one (requested -> active):
  custom:video-decoder-ogg-theora: a1e56fd34408186e4bbccfd4996cb3dc -> 
  custom:container-muxer-webm: aa71ff27fc2769a1b78a27578f13a17b -> 
  custom:container-demuxer-webm: 4f35f7cbe854078d1ac9338744f61a02 -> 
  custom:video-encoder-webm-vp8: eb34c28f22e8b96e1ab97ce403110664 -> 
  custom:audio-encoder-webm-vorbis: bf7c407c2cedff20999df2af8eb42d56 -> 
  custom:framework-win-MediaFoundation: 216162199b28c13a410421893ffa2e32 -> 
  custom:container-demuxer-ogg: 62fdf1f143b41e24485cea50d1cbac27 -> 
  custom:video-decoder-webm-vp8: 9c59270c3fd7afecdb556c50c9e8de78 -> 
  custom:audio-decoder-ogg-vorbis: bf7c407c2cedff20999df2af8eb42d56 -> 
========================================================================
Received Prepare
Registering precompiled user dll's ...
Registered in 0.026092 seconds.
Begin MonoManager ReloadAssembly
Symbol file LoadedFromMemory doesn't match image C:\GitHubProjects\XRD\Second-Assignmnent-AR\Library\PackageCache\com.unity.visualscripting@1.7.8\Editor\VisualScripting.Core\Dependencies\DotNetZip\Unity.VisualScripting.IonicZip.dll
Symbol file LoadedFromMemory doesn't match image C:\GitHubProjects\XRD\Second-Assignmnent-AR\Library\PackageCache\com.unity.visualscripting@1.7.8\Editor\VisualScripting.Core\Dependencies\YamlDotNet\Unity.VisualScripting.YamlDotNet.dll
Native extension for UWP target not found
Native extension for WindowsStandalone target not found
Native extension for Android target not found
Native extension for WebGL target not found
Refreshing native plugins compatible for Editor in 1.85 ms, found 9 plugins.
Preloading 0 native plugins for Editor in 0.00 ms.
Setting up ManoMotion Library Requirements
UnityEngine.StackTraceUtility:ExtractStackTrace ()
UnityEngine.DebugLogHandler:LogFormat (UnityEngine.LogType,UnityEngine.Object,string,object[])
UnityEngine.Logger:Log (UnityEngine.LogType,object)
UnityEngine.Debug:Log (object)
ManoMotionSetup:.cctor () (at Assets/Editor/ManoMotionSetup.cs:17)
System.Runtime.CompilerServices.RuntimeHelpers:RunClassConstructor (System.RuntimeTypeHandle)
UnityEditor.EditorAssemblies:ProcessInitializeOnLoadAttributes (System.Type[])

(Filename: Assets/Editor/ManoMotionSetup.cs Line: 17)

Successfully set up ManoMotion Library Requirements
UnityEngine.StackTraceUtility:ExtractStackTrace ()
UnityEngine.DebugLogHandler:LogFormat (UnityEngine.LogType,UnityEngine.Object,string,object[])
UnityEngine.Logger:Log (UnityEngine.LogType,object)
UnityEngine.Debug:Log (object)
ManoMotionSetup:.cctor () (at Assets/Editor/ManoMotionSetup.cs:23)
System.Runtime.CompilerServices.RuntimeHelpers:RunClassConstructor (System.RuntimeTypeHandle)
UnityEditor.EditorAssemblies:ProcessInitializeOnLoadAttributes (System.Type[])

(Filename: Assets/Editor/ManoMotionSetup.cs Line: 23)

Mono: successfully reloaded assembly
- Completed reload, in  2.022 seconds
Domain Reload Profiling:
	ReloadAssembly (2023ms)
		BeginReloadAssembly (375ms)
			ExecutionOrderSort (0ms)
			DisableScriptedObjects (11ms)
			BackupInstance (0ms)
			ReleaseScriptingObjects (0ms)
			CreateAndSetChildDomain (139ms)
		EndReloadAssembly (1500ms)
			LoadAssemblies (206ms)
			RebuildTransferFunctionScriptingTraits (0ms)
			SetupTypeCache (464ms)
			ReleaseScriptCaches (2ms)
			RebuildScriptCaches (72ms)
			SetupLoadedEditorAssemblies (691ms)
				LogAssemblyErrors (0ms)
				InitializePlatformSupportModulesInManaged (46ms)
				SetLoadedEditorAssemblies (2ms)
				RefreshPlugins (2ms)
				BeforeProcessingInitializeOnLoad (183ms)
				ProcessInitializeOnLoadAttributes (394ms)
				ProcessInitializeOnLoadMethodAttributes (46ms)
				AfterProcessingInitializeOnLoad (18ms)
				EditorAssembliesLoaded (0ms)
			ExecutionOrderSort2 (0ms)
			AwakeInstancesAfterBackupRestoration (9ms)
Platform modules already initialized, skipping
Refreshing native plugins compatible for Editor in 12.39 ms, found 9 plugins.
Preloading 0 native plugins for Editor in 0.00 ms.
Unloading 4615 Unused Serialized files (Serialized files now loaded: 0)
Unloading 40 unused Assets / (25.7 KB). Loaded Objects now: 5149.
Memory consumption went from 163.2 MB to 163.2 MB.
Total: 3.938000 ms (FindLiveObjects: 0.368400 ms CreateObjectMapping: 0.417600 ms MarkObjects: 3.111800 ms  DeleteObjects: 0.039100 ms)

AssetImportParameters requested are different than current active one (requested -> active):
  custom:video-decoder-ogg-theora: a1e56fd34408186e4bbccfd4996cb3dc -> 
  custom:container-muxer-webm: aa71ff27fc2769a1b78a27578f13a17b -> 
  custom:container-demuxer-webm: 4f35f7cbe854078d1ac9338744f61a02 -> 
  custom:video-encoder-webm-vp8: eb34c28f22e8b96e1ab97ce403110664 -> 
  custom:audio-encoder-webm-vorbis: bf7c407c2cedff20999df2af8eb42d56 -> 
  custom:framework-win-MediaFoundation: 216162199b28c13a410421893ffa2e32 -> 
  custom:container-demuxer-ogg: 62fdf1f143b41e24485cea50d1cbac27 -> 
  custom:video-decoder-webm-vp8: 9c59270c3fd7afecdb556c50c9e8de78 -> 
  custom:audio-decoder-ogg-vorbis: bf7c407c2cedff20999df2af8eb42d56 -> 
========================================================================
Received Prepare
Refreshing native plugins compatible for Editor in 36.61 ms, found 9 plugins.
Preloading 0 native plugins for Editor in 0.00 ms.
Unloading 40 Unused Serialized files (Serialized files now loaded: 0)
Unloading 40 unused Assets / (23.1 KB). Loaded Objects now: 5149.
Memory consumption went from 71.4 MB to 71.4 MB.
Total: 5.853200 ms (FindLiveObjects: 0.453500 ms CreateObjectMapping: 0.756400 ms MarkObjects: 4.460400 ms  DeleteObjects: 0.181500 ms)

AssetImportParameters requested are different than current active one (requested -> active):
  custom:video-decoder-ogg-theora: a1e56fd34408186e4bbccfd4996cb3dc -> 
  custom:container-muxer-webm: aa71ff27fc2769a1b78a27578f13a17b -> 
  custom:container-demuxer-webm: 4f35f7cbe854078d1ac9338744f61a02 -> 
  custom:video-encoder-webm-vp8: eb34c28f22e8b96e1ab97ce403110664 -> 
  custom:audio-encoder-webm-vorbis: bf7c407c2cedff20999df2af8eb42d56 -> 
  custom:framework-win-MediaFoundation: 216162199b28c13a410421893ffa2e32 -> 
  custom:container-demuxer-ogg: 62fdf1f143b41e24485cea50d1cbac27 -> 
  custom:video-decoder-webm-vp8: 9c59270c3fd7afecdb556c50c9e8de78 -> 
  custom:audio-decoder-ogg-vorbis: bf7c407c2cedff20999df2af8eb42d56 -> 
